Le marin Edward Pouce utilise les action [fr.unice.polytech.si3.qgl.flute.game.actions.Moving@2d385244, fr.unice.polytech.si3.qgl.flute.game.actions.Oar@7f19b73]
Le marin Luffy Pouce utilise les action [fr.unice.polytech.si3.qgl.flute.game.actions.Moving@4dc33535]
Le marin Luffy Teach utilise les action [fr.unice.polytech.si3.qgl.flute.game.actions.Moving@b0edcf5]
Le marin Tom Pouce utilise les action [fr.unice.polytech.si3.qgl.flute.game.actions.Moving@7b7dd118]
Le marin Tom Pouce utilise les action [fr.unice.polytech.si3.qgl.flute.game.actions.Oar@7199bb32]
Le marin Edward Teach utilise les action [fr.unice.polytech.si3.qgl.flute.game.actions.Moving@252752a9]
Le marin Luffy Teach utilise les action [fr.unice.polytech.si3.qgl.flute.game.actions.Moving@5833cb8c]
Le marin Edward Teach utilise les action [fr.unice.polytech.si3.qgl.flute.game.actions.Oar@4dd33483]
Le marin Edward Teach utilise les action [fr.unice.polytech.si3.qgl.flute.game.actions.Oar@71af4620]
Le marin Luffy Pouce utilise les action [fr.unice.polytech.si3.qgl.flute.game.actions.Moving@6e02f0a6, fr.unice.polytech.si3.qgl.flute.game.actions.Oar@282b2941]
Le marin Tom Pouce utilise les action [fr.unice.polytech.si3.qgl.flute.game.actions.Moving@7c0867eb, fr.unice.polytech.si3.qgl.flute.game.actions.Oar@771da00c]
Le marin Edward Pouce utilise les action []
Le marin Edward Teach utilise les action []
Le marin Jack Teach utilise les action [fr.unice.polytech.si3.qgl.flute.game.actions.LiftSail@5afc7acc]
Le marin Luffy Teach utilise les action [fr.unice.polytech.si3.qgl.flute.game.actions.Moving@d9f33cb, fr.unice.polytech.si3.qgl.flute.game.actions.Turn@51fcbae4]
Le marin Luffy Pouce utilise les action []
Le marin Edward Pouce utilise les action [fr.unice.polytech.si3.qgl.flute.game.actions.Moving@3096712c, fr.unice.polytech.si3.qgl.flute.game.actions.Oar@7594f95a]
Le marin Luffy Pouce utilise les action [fr.unice.polytech.si3.qgl.flute.game.actions.Moving@3fe2b14e, fr.unice.polytech.si3.qgl.flute.game.actions.Oar@44ab6f28]
Le marin Luffy Teach utilise les action [fr.unice.polytech.si3.qgl.flute.game.actions.Moving@47377980, fr.unice.polytech.si3.qgl.flute.game.actions.Oar@15bb0615]
Le marin Tom Pouce utilise les action [fr.unice.polytech.si3.qgl.flute.game.actions.Moving@3f79bd2d]
Le marin Tom Pouce utilise les action [fr.unice.polytech.si3.qgl.flute.game.actions.Oar@203447c5]
Le marin Edward Teach utilise les action [fr.unice.polytech.si3.qgl.flute.game.actions.Moving@5c33d13a, fr.unice.polytech.si3.qgl.flute.game.actions.Oar@11f5ff07]
Le marin Luffy Teach utilise les action [fr.unice.polytech.si3.qgl.flute.game.actions.Moving@6397b8c1, fr.unice.polytech.si3.qgl.flute.game.actions.Oar@619fc119]
Le marin Edward Teach utilise les action [fr.unice.polytech.si3.qgl.flute.game.actions.Oar@23e76611]
Le marin Edward Teach utilise les action [fr.unice.polytech.si3.qgl.flute.game.actions.Oar@1d54a8ad]
Le marin Luffy Pouce utilise les action [fr.unice.polytech.si3.qgl.flute.game.actions.Oar@435b5a76]
Le marin Tom Pouce utilise les action [fr.unice.polytech.si3.qgl.flute.game.actions.Oar@5cd3dc0d]
Le marin Edward Pouce utilise les action [fr.unice.polytech.si3.qgl.flute.game.actions.Oar@441cfe68]
Le marin Edward Teach utilise les action [fr.unice.polytech.si3.qgl.flute.game.actions.Oar@7c353786]
Le marin Jack Teach utilise les action [fr.unice.polytech.si3.qgl.flute.game.actions.LiftSail@65a44a9c]
Le marin Luffy Teach utilise les action [fr.unice.polytech.si3.qgl.flute.game.actions.Turn@27d5d191]
Le marin Luffy Pouce utilise les action [fr.unice.polytech.si3.qgl.flute.game.actions.Oar@41994bd]
Le marin Edward Pouce utilise les action [fr.unice.polytech.si3.qgl.flute.game.actions.Oar@3a818e2d]
Le marin Luffy Pouce utilise les action [fr.unice.polytech.si3.qgl.flute.game.actions.Oar@7f830719]
Le marin Luffy Teach utilise les action [fr.unice.polytech.si3.qgl.flute.game.actions.Oar@af56b9]
Le marin Tom Pouce utilise les action [fr.unice.polytech.si3.qgl.flute.game.actions.Moving@4eb69c93]
Le marin Tom Pouce utilise les action [fr.unice.polytech.si3.qgl.flute.game.actions.Oar@7870938e]
Le marin Edward Teach utilise les action [fr.unice.polytech.si3.qgl.flute.game.actions.Oar@1facf856]
Le marin Luffy Teach utilise les action [fr.unice.polytech.si3.qgl.flute.game.actions.Oar@65cc6f84]
Le marin Edward Teach utilise les action [fr.unice.polytech.si3.qgl.flute.game.actions.Oar@1fe425aa]
Le marin Edward Teach utilise les action [fr.unice.polytech.si3.qgl.flute.game.actions.Oar@6374393b]
Le marin Luffy Pouce utilise les action [fr.unice.polytech.si3.qgl.flute.game.actions.Oar@1be2034b]
Le marin Tom Pouce utilise les action [fr.unice.polytech.si3.qgl.flute.game.actions.Oar@1dd4fffc]
Le marin Edward Pouce utilise les action [fr.unice.polytech.si3.qgl.flute.game.actions.Oar@23a35099]
Le marin Edward Teach utilise les action [fr.unice.polytech.si3.qgl.flute.game.actions.Oar@615c0837]
Le marin Jack Teach utilise les action [fr.unice.polytech.si3.qgl.flute.game.actions.LiftSail@6aafa70c]
Le marin Luffy Teach utilise les action [fr.unice.polytech.si3.qgl.flute.game.actions.Turn@50be9eba]
Le marin Luffy Pouce utilise les action [fr.unice.polytech.si3.qgl.flute.game.actions.Oar@69a02bac]
Le marin Edward Pouce utilise les action [fr.unice.polytech.si3.qgl.flute.game.actions.Oar@de0aa18]
Le marin Luffy Pouce utilise les action [fr.unice.polytech.si3.qgl.flute.game.actions.Oar@20b59411]
Le marin Luffy Teach utilise les action [fr.unice.polytech.si3.qgl.flute.game.actions.Oar@43c85bf0]
Le marin Tom Pouce utilise les action [fr.unice.polytech.si3.qgl.flute.game.actions.Moving@998bd4b]
Le marin Tom Pouce utilise les action [fr.unice.polytech.si3.qgl.flute.game.actions.Oar@1a0660a]
Le marin Edward Teach utilise les action [fr.unice.polytech.si3.qgl.flute.game.actions.Oar@d397f33]
Le marin Luffy Teach utilise les action [fr.unice.polytech.si3.qgl.flute.game.actions.Oar@cafb2bf]
Le marin Edward Teach utilise les action [fr.unice.polytech.si3.qgl.flute.game.actions.Oar@40113484]
Le marin Edward Teach utilise les action [fr.unice.polytech.si3.qgl.flute.game.actions.Oar@42039aba]
Le marin Luffy Pouce utilise les action [fr.unice.polytech.si3.qgl.flute.game.actions.Oar@405a52e]
Le marin Tom Pouce utilise les action [fr.unice.polytech.si3.qgl.flute.game.actions.Oar@75ced55b]
Le marin Edward Pouce utilise les action [fr.unice.polytech.si3.qgl.flute.game.actions.Oar@3cb26a72]
Le marin Edward Teach utilise les action [fr.unice.polytech.si3.qgl.flute.game.actions.Oar@62baf114]
Le marin Jack Teach utilise les action [fr.unice.polytech.si3.qgl.flute.game.actions.LiftSail@4bbf14b8]
Le marin Luffy Teach utilise les action [fr.unice.polytech.si3.qgl.flute.game.actions.Turn@48586499]
Le marin Luffy Pouce utilise les action [fr.unice.polytech.si3.qgl.flute.game.actions.Oar@6716761a]
Le marin Edward Pouce utilise les action [fr.unice.polytech.si3.qgl.flute.game.actions.Oar@3bce4dde]
Le marin Luffy Pouce utilise les action [fr.unice.polytech.si3.qgl.flute.game.actions.Oar@5b02321d]
Le marin Luffy Teach utilise les action [fr.unice.polytech.si3.qgl.flute.game.actions.Oar@64366784]
Le marin Tom Pouce utilise les action [fr.unice.polytech.si3.qgl.flute.game.actions.Moving@4a1e1166]
Le marin Tom Pouce utilise les action [fr.unice.polytech.si3.qgl.flute.game.actions.Oar@3f70546]
Le marin Edward Teach utilise les action [fr.unice.polytech.si3.qgl.flute.game.actions.Oar@492f4dff]
Le marin Luffy Teach utilise les action [fr.unice.polytech.si3.qgl.flute.game.actions.Oar@1e720919]
Le marin Edward Teach utilise les action [fr.unice.polytech.si3.qgl.flute.game.actions.Oar@245dbe90]
Le marin Edward Teach utilise les action [fr.unice.polytech.si3.qgl.flute.game.actions.Oar@1f3b4268]
Le marin Luffy Pouce utilise les action [fr.unice.polytech.si3.qgl.flute.game.actions.Oar@2c48b4c5]
Le marin Tom Pouce utilise les action [fr.unice.polytech.si3.qgl.flute.game.actions.Oar@22fc4a94]
Le marin Edward Pouce utilise les action [fr.unice.polytech.si3.qgl.flute.game.actions.Oar@6b1cc965]
Le marin Edward Teach utilise les action [fr.unice.polytech.si3.qgl.flute.game.actions.Oar@2ef1fe6c]
Le marin Jack Teach utilise les action [fr.unice.polytech.si3.qgl.flute.game.actions.LiftSail@477689eb]
Le marin Luffy Teach utilise les action [fr.unice.polytech.si3.qgl.flute.game.actions.Turn@79ec37b]
Le marin Luffy Pouce utilise les action [fr.unice.polytech.si3.qgl.flute.game.actions.Oar@ac4750c]
Le marin Edward Pouce utilise les action [fr.unice.polytech.si3.qgl.flute.game.actions.Oar@52c5837d]
Le marin Luffy Pouce utilise les action [fr.unice.polytech.si3.qgl.flute.game.actions.Oar@2c6fd788]
Le marin Luffy Teach utilise les action [fr.unice.polytech.si3.qgl.flute.game.actions.Oar@45429a2c]
Le marin Tom Pouce utilise les action [fr.unice.polytech.si3.qgl.flute.game.actions.Moving@2a686855]
Le marin Tom Pouce utilise les action [fr.unice.polytech.si3.qgl.flute.game.actions.Oar@5448d80e]
Le marin Edward Teach utilise les action [fr.unice.polytech.si3.qgl.flute.game.actions.Oar@6c98698]
Le marin Luffy Teach utilise les action [fr.unice.polytech.si3.qgl.flute.game.actions.Oar@570bff97]
Le marin Edward Teach utilise les action [fr.unice.polytech.si3.qgl.flute.game.actions.Oar@3e480fe3]
Le marin Edward Teach utilise les action [fr.unice.polytech.si3.qgl.flute.game.actions.Oar@2c52388c]
Le marin Luffy Pouce utilise les action [fr.unice.polytech.si3.qgl.flute.game.actions.Oar@666586d8]
Le marin Tom Pouce utilise les action [fr.unice.polytech.si3.qgl.flute.game.actions.Oar@6e1a2ac4]
Le marin Edward Pouce utilise les action [fr.unice.polytech.si3.qgl.flute.game.actions.Oar@10d307f3]
Le marin Edward Teach utilise les action [fr.unice.polytech.si3.qgl.flute.game.actions.Oar@2df8db3d]
Le marin Jack Teach utilise les action [fr.unice.polytech.si3.qgl.flute.game.actions.LiftSail@6761cb1c]
Le marin Luffy Teach utilise les action [fr.unice.polytech.si3.qgl.flute.game.actions.Turn@5892913e]
Le marin Luffy Pouce utilise les action [fr.unice.polytech.si3.qgl.flute.game.actions.Oar@5076e940]
Le marin Edward Pouce utilise les action [fr.unice.polytech.si3.qgl.flute.game.actions.Oar@6965fa72]
Le marin Luffy Pouce utilise les action [fr.unice.polytech.si3.qgl.flute.game.actions.Oar@6924872]
Le marin Luffy Teach utilise les action [fr.unice.polytech.si3.qgl.flute.game.actions.Oar@5fada297]
Le marin Tom Pouce utilise les action [fr.unice.polytech.si3.qgl.flute.game.actions.Moving@6516897c]
