[INFO] Init game input: {"goal":{"mode":"REGATTA","checkpoints":[{"position":{"x":4116.688396349438,"y":2945.9635416666692,"orientation":0.0},"shape":{"type":"circle","radius":125.0}},{"position":{"x"
[INFO] Next round input: {"ship":{"type":"ship","position":{"x":6720.990873533248,"y":2747.395833333333,"orientation":-3.141592653589793},"name":"deadbeef","deck":{"width":3,"length":6},"entities":[{"
[INFO] Current turn: 0
[INFO] [{"sailorId":75,"xdistance":2,"ydistance":0,"type":"MOVING"},{"sailorId":72,"xdistance":2,"ydistance":1,"type":"MOVING"},{"sailorId":65,"xdistance":5,"ydistance":0,"type":"MOVING"},{"sailorId":
[INFO] Next round input: {"ship":{"type":"ship","position":{"x":6555.990873533285,"y":2747.395833333333,"orientation":-3.141592653589793},"name":"deadbeef","deck":{"width":3,"length":6},"entities":[{"
[INFO] Current turn: 1
[INFO] [{"sailorId":75,"rotation":-0.0,"type":"TURN"},{"sailorId":65,"type":"OAR"},{"sailorId":68,"type":"OAR"},{"sailorId":71,"type":"OAR"},{"sailorId":74,"type":"OAR"},{"sailorId":77,"type":"OAR"},{
[INFO] Next round input: {"ship":{"type":"ship","position":{"x":6390.990873533321,"y":2747.395833333333,"orientation":-3.141592653589793},"name":"deadbeef","deck":{"width":3,"length":6},"entities":[{"
[INFO] Current turn: 2
[INFO] [{"sailorId":75,"rotation":-0.0,"type":"TURN"},{"sailorId":65,"type":"OAR"},{"sailorId":68,"type":"OAR"},{"sailorId":71,"type":"OAR"},{"sailorId":74,"type":"OAR"},{"sailorId":77,"type":"OAR"},{
[INFO] Next round input: {"ship":{"type":"ship","position":{"x":6225.990873533357,"y":2747.395833333333,"orientation":-3.141592653589793},"name":"deadbeef","deck":{"width":3,"length":6},"entities":[{"
[INFO] Current turn: 3
[INFO] [{"sailorId":75,"rotation":-0.0,"type":"TURN"},{"sailorId":65,"type":"OAR"},{"sailorId":68,"type":"OAR"},{"sailorId":71,"type":"OAR"},{"sailorId":74,"type":"OAR"},{"sailorId":77,"type":"OAR"},{
[INFO] Next round input: {"ship":{"type":"ship","position":{"x":6060.990873533394,"y":2747.395833333333,"orientation":-3.141592653589793},"name":"deadbeef","deck":{"width":3,"length":6},"entities":[{"
[INFO] Current turn: 4
[INFO] [{"sailorId":75,"rotation":-0.0,"type":"TURN"},{"sailorId":65,"type":"OAR"},{"sailorId":68,"type":"OAR"},{"sailorId":71,"type":"OAR"},{"sailorId":74,"type":"OAR"},{"sailorId":77,"type":"OAR"},{
[INFO] Next round input: {"ship":{"type":"ship","position":{"x":5895.99087353343,"y":2747.395833333333,"orientation":-3.141592653589793},"name":"deadbeef","deck":{"width":3,"length":6},"entities":[{"x
[INFO] Current turn: 5
[INFO] [{"sailorId":75,"rotation":-0.0,"type":"TURN"},{"sailorId":65,"type":"OAR"},{"sailorId":68,"type":"OAR"},{"sailorId":71,"type":"OAR"},{"sailorId":74,"type":"OAR"},{"sailorId":77,"type":"OAR"},{
[INFO] Next round input: {"ship":{"type":"ship","position":{"x":5730.990873533467,"y":2747.395833333333,"orientation":-3.141592653589793},"name":"deadbeef","deck":{"width":3,"length":6},"entities":[{"
[INFO] Current turn: 6
[INFO] [{"sailorId":75,"rotation":-0.0,"type":"TURN"},{"sailorId":65,"type":"OAR"},{"sailorId":68,"type":"OAR"},{"sailorId":71,"type":"OAR"},{"sailorId":74,"type":"OAR"},{"sailorId":77,"type":"OAR"},{
[INFO] Next round input: {"ship":{"type":"ship","position":{"x":5565.990873533503,"y":2727.395833333333,"orientation":-3.141592653589793},"name":"deadbeef","deck":{"width":3,"length":6},"entities":[{"
[INFO] Current turn: 7
[INFO] [{"sailorId":75,"rotation":-0.015748327599553025,"type":"TURN"},{"sailorId":65,"type":"OAR"},{"sailorId":68,"type":"OAR"},{"sailorId":71,"type":"OAR"},{"sailorId":74,"type":"OAR"},{"sailorId":7
[INFO] Next round input: {"ship":{"type":"ship","position":{"x":5400.9975917581005,"y":2728.6820516726325,"orientation":-3.157340981189334},"name":"deadbeef","deck":{"width":3,"length":6},"entities":[
[INFO] Current turn: 8
[INFO] [{"sailorId":75,"rotation":-0.001187474376542841,"type":"TURN"},{"sailorId":65,"type":"OAR"},{"sailorId":68,"type":"OAR"},{"sailorId":71,"type":"OAR"},{"sailorId":74,"type":"OAR"},{"sailorId":7
[INFO] Next round input: {"ship":{"type":"ship","position":{"x":5236.019617657984,"y":2731.3773926503254,"orientation":-3.1585284555658966},"name":"deadbeef","deck":{"width":3,"length":6},"entities":[
[INFO] Current turn: 9
[INFO] [{"sailorId":75,"rotation":-1.0525794130122261E-4,"type":"TURN"},{"sailorId":65,"type":"OAR"},{"sailorId":68,"type":"OAR"},{"sailorId":71,"type":"OAR"},{"sailorId":74,"type":"OAR"},{"sailorId":
[INFO] Next round input: {"ship":{"type":"ship","position":{"x":5071.043425746196,"y":2734.1802621000666,"orientation":-3.158633713507193},"name":"deadbeef","deck":{"width":3,"length":6},"entities":[{
[INFO] Current turn: 10
[INFO] [{"sailorId":75,"rotation":-1.1316379771534476E-5,"type":"TURN"},{"sailorId":65,"type":"OAR"},{"sailorId":68,"type":"OAR"},{"sailorId":71,"type":"OAR"},{"sailorId":74,"type":"OAR"},{"sailorId":
[INFO] Next round input: {"ship":{"type":"ship","position":{"x":4906.06739873175,"y":2736.992825030637,"orientation":-3.1586450298869817},"name":"deadbeef","deck":{"width":3,"length":6},"entities":[{"
[INFO] Current turn: 11
[INFO] [{"sailorId":75,"rotation":-1.54577553144004E-6,"type":"TURN"},{"sailorId":65,"type":"OAR"},{"sailorId":68,"type":"OAR"},{"sailorId":71,"type":"OAR"},{"sailorId":74,"type":"OAR"},{"sailorId":77
[INFO] Next round input: {"ship":{"type":"ship","position":{"x":4741.091389945118,"y":2739.8064569943836,"orientation":-3.1586465756625337},"name":"deadbeef","deck":{"width":3,"length":6},"entities":[
[INFO] Current turn: 12
[INFO] [{"sailorId":75,"rotation":-2.893282151065419E-7,"type":"TURN"},{"sailorId":65,"type":"OAR"},{"sailorId":68,"type":"OAR"},{"sailorId":71,"type":"OAR"},{"sailorId":74,"type":"OAR"},{"sailorId":7
[INFO] Next round input: {"ship":{"type":"ship","position":{"x":4576.115383757869,"y":2742.620241368595,"orientation":-3.1586468649907395},"name":"deadbeef","deck":{"width":3,"length":6},"entities":[{
[INFO] Current turn: 13
[INFO] [{"sailorId":75,"rotation":-8.815645848363069E-8,"type":"TURN"},{"sailorId":65,"type":"OAR"},{"sailorId":68,"type":"OAR"},{"sailorId":71,"type":"OAR"},{"sailorId":74,"type":"OAR"},{"sailorId":7
[INFO] Next round input: {"ship":{"type":"ship","position":{"x":4411.139378104532,"y":2745.4340570467048,"orientation":-3.1586469531471995},"name":"deadbeef","deck":{"width":3,"length":6},"entities":[
[INFO] Current turn: 14
[INFO] [{"sailorId":75,"rotation":-5.960464477539064E-8,"type":"TURN"},{"sailorId":65,"type":"OAR"},{"sailorId":68,"type":"OAR"},{"sailorId":71,"type":"OAR"},{"sailorId":74,"type":"OAR"},{"sailorId":7
[INFO] Next round input: {"ship":{"type":"ship","position":{"x":4246.163372659485,"y":2748.2478849368845,"orientation":-3.158647012751832},"name":"deadbeef","deck":{"width":3,"length":6},"entities":[{
[INFO] Current turn: 15
[ERROR] Don't know da wae.
[INFO] [{"sailorId":75,"rotation":-0.7853981533974482,"type":"TURN"},{"sailorId":65,"type":"OAR"},{"sailorId":68,"type":"OAR"},{"sailorId":71,"type":"OAR"},{"sailorId":74,"type":"OAR"},{"sailorId":77,
[INFO] Next round input: {"ship":{"type":"ship","position":{"x":4126.688683686019,"y":2823.374911003609,"orientation":-4.258204431508279},"name":"deadbeef","deck":{"width":3,"length":6},"entities":[{"
[INFO] Current turn: 16
[INFO] [{"sailorId":75,"rotation":0.7853981533974482,"type":"TURN"},{"sailorId":65,"type":"OAR"},{"sailorId":67,"type":"OAR"},{"sailorId":70,"type":"OAR"},{"sailorId":72,"type":"OAR"},{"sailorId":73,"
[INFO] Next round input: {"ship":{"type":"ship","position":{"x":4044.475800837504,"y":2832.1059959114605,"orientation":-2.2161692166749134},"name":"deadbeef","deck":{"width":3,"length":6},"entities":[
[INFO] Current turn: 17
[INFO] [{"sailorId":75,"rotation":0.022306921427358635,"type":"TURN"},{"sailorId":65,"type":"OAR"},{"sailorId":68,"type":"OAR"},{"sailorId":71,"type":"OAR"},{"sailorId":74,"type":"OAR"},{"sailorId":77
[INFO] Next round input: {"ship":{"type":"ship","position":{"x":3946.6924327150523,"y":2699.2064694898318,"orientation":-2.1938622952475626},"name":"deadbeef","deck":{"width":3,"length":6},"entities":
[INFO] Current turn: 18
[INFO] [{"sailorId":75,"rotation":0.003179354568399154,"type":"TURN"},{"sailorId":65,"type":"OAR"},{"sailorId":68,"type":"OAR"},{"sailorId":71,"type":"OAR"},{"sailorId":74,"type":"OAR"},{"sailorId":77
[INFO] Next round input: {"ship":{"type":"ship","position":{"x":3850.6213926568744,"y":2565.059787342095,"orientation":-2.190682940679146},"name":"deadbeef","deck":{"width":3,"length":6},"entities":[{
[INFO] Current turn: 19
[INFO] [{"sailorId":75,"rotation":6.313620404027405E-4,"type":"TURN"},{"sailorId":65,"type":"OAR"},{"sailorId":68,"type":"OAR"},{"sailorId":71,"type":"OAR"},{"sailorId":74,"type":"OAR"},{"sailorId":77
[INFO] Next round input: {"ship":{"type":"ship","position":{"x":3754.8077969275378,"y":2430.7290240406796,"orientation":-2.190051578638764},"name":"deadbeef","deck":{"width":3,"length":6},"entities":[
[INFO] Current turn: 20
[INFO] [{"sailorId":75,"rotation":2.0663094140072958E-4,"type":"TURN"},{"sailorId":65,"type":"OAR"},{"sailorId":68,"type":"OAR"},{"sailorId":71,"type":"OAR"},{"sailorId":74,"type":"OAR"},{"sailorId":7
[INFO] Next round input: {"ship":{"type":"ship","position":{"x":3659.050777663186,"y":2296.357921623719,"orientation":-2.1898449476973845},"name":"deadbeef","deck":{"width":3,"length":6},"entities":[{
[INFO] Current turn: 21
[INFO] [{"sailorId":75,"rotation":0.23042267932970537,"type":"TURN"},{"sailorId":65,"type":"OAR"},{"sailorId":68,"type":"OAR"},{"sailorId":71,"type":"OAR"},{"sailorId":74,"type":"OAR"},{"sailorId":77,
[INFO] Next round input: {"ship":{"type":"ship","position":{"x":3579.4005453213736,"y":2152.272505744082,"orientation":-1.959422268367673},"name":"deadbeef","deck":{"width":3,"length":6},"entities":[{
[INFO] Current turn: 22
[INFO] [{"sailorId":75,"rotation":0.021525153053943424,"type":"TURN"},{"sailorId":65,"type":"OAR"},{"sailorId":68,"type":"OAR"},{"sailorId":71,"type":"OAR"},{"sailorId":74,"type":"OAR"},{"sailorId":77
[INFO] Next round input: {"ship":{"type":"ship","position":{"x":3518.510873437678,"y":1998.9219374559764,"orientation":-1.9378971153137368},"name":"deadbeef","deck":{"width":3,"length":6},"entities":[
[INFO] Current turn: 23
[INFO] [{"sailorId":75,"rotation":0.0024803722822588424,"type":"TURN"},{"sailorId":65,"type":"OAR"},{"sailorId":68,"type":"OAR"},{"sailorId":71,"type":"OAR"},{"sailorId":74,"type":"OAR"},{"sailorId":7
[INFO] Next round input: {"ship":{"type":"ship","position":{"x":3459.479720929905,"y":1844.843032095465,"orientation":-1.9354167430314826},"name":"deadbeef","deck":{"width":3,"length":6},"entities":[{
[INFO] Current turn: 24
[INFO] [{"sailorId":75,"rotation":3.7033345227928686E-4,"type":"TURN"},{"sailorId":65,"type":"OAR"},{"sailorId":68,"type":"OAR"},{"sailorId":71,"type":"OAR"},{"sailorId":74,"type":"OAR"},{"sailorId":7
[INFO] Next round input: {"ship":{"type":"ship","position":{"x":3400.6698568357456,"y":1690.6794839587355,"orientation":-1.9350464095792006},"name":"deadbeef","deck":{"width":3,"length":6},"entities":
[INFO] Current turn: 25
[INFO] [{"sailorId":75,"rotation":7.850253043396909E-5,"type":"TURN"},{"sailorId":65,"type":"OAR"},{"sailorId":68,"type":"OAR"},{"sailorId":71,"type":"OAR"},{"sailorId":74,"type":"OAR"},{"sailorId":77
[INFO] Next round input: {"ship":{"type":"ship","position":{"x":3341.894815943066,"y":1536.5026551092512,"orientation":-1.9349679070487689},"name":"deadbeef","deck":{"width":3,"length":6},"entities":[
[INFO] Current turn: 26
[INFO] [{"sailorId":75,"rotation":2.8679099397242628E-5,"type":"TURN"},{"sailorId":65,"type":"OAR"},{"sailorId":68,"type":"OAR"},{"sailorId":71,"type":"OAR"},{"sailorId":74,"type":"OAR"},{"sailorId":7
[INFO] Next round input: {"ship":{"type":"ship","position":{"x":3305.1280759924866,"y":1382.3226620047135,"orientation":-1.9349392279493625},"name":"deadbeef","deck":{"width":3,"length":6},"entities":
[INFO] Current turn: 27
[INFO] [{"sailorId":75,"rotation":0.7085119229221999,"type":"TURN"},{"sailorId":65,"type":"OAR"},{"sailorId":68,"type":"OAR"},{"sailorId":71,"type":"OAR"},{"sailorId":74,"type":"OAR"},{"sailorId":77,"
[INFO] Next round input: {"ship":{"type":"ship","position":{"x":3302.958326889291,"y":1220.7664779103675,"orientation":-1.2264273050271566},"name":"deadbeef","deck":{"width":3,"length":6},"entities":[
[INFO] Current turn: 28
[INFO] [{"sailorId":75,"rotation":0.2412295523557386,"type":"TURN"},{"sailorId":65,"type":"OAR"},{"sailorId":68,"type":"OAR"},{"sailorId":71,"type":"OAR"},{"sailorId":74,"type":"OAR"},{"sailorId":77,"
[INFO] Next round input: {"ship":{"type":"ship","position":{"x":3381.6640437001947,"y":1063.647864231077,"orientation":-0.985197752671409},"name":"deadbeef","deck":{"width":3,"length":6},"entities":[{
[INFO] Current turn: 29
[INFO] [{"sailorId":75,"rotation":-0.4333666052298353,"type":"TURN"},{"sailorId":65,"type":"OAR"},{"sailorId":68,"type":"OAR"},{"sailorId":71,"type":"OAR"},{"sailorId":74,"type":"OAR"},{"sailorId":77,
[INFO] Next round input: {"ship":{"type":"ship","position":{"x":3444.6030008727157,"y":902.8922489205622,"orientation":-1.4185643579012437},"name":"deadbeef","deck":{"width":3,"length":6},"entities":[
[INFO] Current turn: 30
[INFO] [{"sailorId":75,"rotation":-0.21195808263987137,"type":"TURN"},{"sailorId":65,"type":"OAR"},{"sailorId":68,"type":"OAR"},{"sailorId":71,"type":"OAR"},{"sailorId":74,"type":"OAR"},{"sailorId":77
[INFO] Next round input: {"ship":{"type":"ship","position":{"x":3452.39208889801,"y":738.3852083501729,"orientation":-1.6305224405411174},"name":"deadbeef","deck":{"width":3,"length":6},"entities":[{"
[INFO] Current turn: 31
[INFO] [{"sailorId":75,"rotation":-0.4870243004112566,"type":"TURN"},{"sailorId":65,"type":"OAR"},{"sailorId":68,"type":"OAR"},{"sailorId":71,"type":"OAR"},{"sailorId":74,"type":"OAR"},{"sailorId":77,
[INFO] Next round input: {"ship":{"type":"ship","position":{"x":3403.9863481615553,"y":582.3466141832348,"orientation":-2.1175467409523767},"name":"deadbeef","deck":{"width":3,"length":6},"entities":[
[INFO] Current turn: 32
