----------------------------------------------------------------
The ship is in Position{x=0.0, y=0.0, orientation=0.0}
We are heading towards the checkpoint : 0
CheckPoint{position=Position{x=-200.0, y=1000.0, orientation=0.0}, shape=Circle{radius=80.0, type='circle'}}
The angle is between the ship and the checkpoint is : 1.768191886644777
----------------------------------------------------------------
The ship is in Position{x=0.0, y=0.0, orientation=0.0}
We are heading towards the checkpoint : 0
CheckPoint{position=Position{x=-200.0, y=1000.0, orientation=0.0}, shape=Circle{radius=80.0, type='circle'}}
The angle is between the ship and the checkpoint is : 1.768191886644777
----------------------------------------------------------------
The ship is in Position{x=52.93255129340979, y=52.10755129340978, orientation=1.5707963267948943}
We are heading towards the checkpoint : 0
CheckPoint{position=Position{x=-200.0, y=1000.0, orientation=0.0}, shape=Circle{radius=80.0, type='circle'}}
The angle is between the ship and the checkpoint is : 0.2607611584146401
----------------------------------------------------------------
The ship is in Position{x=0.0, y=0.0, orientation=0.0}
We are heading towards the checkpoint : 0
CheckPoint{position=Position{x=-200.0, y=1000.0, orientation=0.0}, shape=Circle{radius=80.0, type='circle'}}
The angle is between the ship and the checkpoint is : 1.768191886644777
----------------------------------------------------------------
The ship is in Position{x=52.93255129340979, y=52.10755129340978, orientation=1.5707963267948943}
We are heading towards the checkpoint : 0
CheckPoint{position=Position{x=-200.0, y=1000.0, orientation=0.0}, shape=Circle{radius=80.0, type='circle'}}
The angle is between the ship and the checkpoint is : 0.2607611584146401
----------------------------------------------------------------
The ship is in Position{x=52.9325512934105, y=217.1075512934103, orientation=1.5707963267948943}
We are heading towards the checkpoint : 0
CheckPoint{position=Position{x=-200.0, y=1000.0, orientation=0.0}, shape=Circle{radius=80.0, type='circle'}}
The angle is between the ship and the checkpoint is : 0.31248948945203026
----------------------------------------------------------------
The ship is in Position{x=0.0, y=0.0, orientation=0.0}
We are heading towards the checkpoint : 0
CheckPoint{position=Position{x=-200.0, y=1000.0, orientation=0.0}, shape=Circle{radius=80.0, type='circle'}}
The angle is between the ship and the checkpoint is : 1.768191886644777
----------------------------------------------------------------
The ship is in Position{x=52.93255129340979, y=52.10755129340978, orientation=1.5707963267948943}
We are heading towards the checkpoint : 0
CheckPoint{position=Position{x=-200.0, y=1000.0, orientation=0.0}, shape=Circle{radius=80.0, type='circle'}}
The angle is between the ship and the checkpoint is : 0.2607611584146401
----------------------------------------------------------------
The ship is in Position{x=52.9325512934105, y=217.1075512934103, orientation=1.5707963267948943}
We are heading towards the checkpoint : 0
CheckPoint{position=Position{x=-200.0, y=1000.0, orientation=0.0}, shape=Circle{radius=80.0, type='circle'}}
The angle is between the ship and the checkpoint is : 0.31248948945203026
----------------------------------------------------------------
The ship is in Position{x=52.93255129341121, y=382.1075512934087, orientation=1.5707963267948943}
We are heading towards the checkpoint : 0
CheckPoint{position=Position{x=-200.0, y=1000.0, orientation=0.0}, shape=Circle{radius=80.0, type='circle'}}
The angle is between the ship and the checkpoint is : 0.3885388188255181
----------------------------------------------------------------
The ship is in Position{x=0.0, y=0.0, orientation=0.0}
We are heading towards the checkpoint : 0
CheckPoint{position=Position{x=-200.0, y=1000.0, orientation=0.0}, shape=Circle{radius=80.0, type='circle'}}
The angle is between the ship and the checkpoint is : 1.768191886644777
----------------------------------------------------------------
The ship is in Position{x=52.93255129340979, y=52.10755129340978, orientation=1.5707963267948943}
We are heading towards the checkpoint : 0
CheckPoint{position=Position{x=-200.0, y=1000.0, orientation=0.0}, shape=Circle{radius=80.0, type='circle'}}
The angle is between the ship and the checkpoint is : 0.2607611584146401
----------------------------------------------------------------
The ship is in Position{x=52.9325512934105, y=217.1075512934103, orientation=1.5707963267948943}
We are heading towards the checkpoint : 0
CheckPoint{position=Position{x=-200.0, y=1000.0, orientation=0.0}, shape=Circle{radius=80.0, type='circle'}}
The angle is between the ship and the checkpoint is : 0.31248948945203026
----------------------------------------------------------------
The ship is in Position{x=52.93255129341121, y=382.1075512934087, orientation=1.5707963267948943}
We are heading towards the checkpoint : 0
CheckPoint{position=Position{x=-200.0, y=1000.0, orientation=0.0}, shape=Circle{radius=80.0, type='circle'}}
The angle is between the ship and the checkpoint is : 0.3885388188255181
----------------------------------------------------------------
The ship is in Position{x=52.93255129341192, y=547.1075512934065, orientation=1.5707963267948943}
We are heading towards the checkpoint : 0
CheckPoint{position=Position{x=-200.0, y=1000.0, orientation=0.0}, shape=Circle{radius=80.0, type='circle'}}
The angle is between the ship and the checkpoint is : 0.5093314966416251
----------------------------------------------------------------
The ship is in Position{x=0.0, y=0.0, orientation=0.0}
We are heading towards the checkpoint : 0
CheckPoint{position=Position{x=-200.0, y=1000.0, orientation=0.0}, shape=Circle{radius=80.0, type='circle'}}
The angle is between the ship and the checkpoint is : 1.768191886644777
----------------------------------------------------------------
The ship is in Position{x=52.93255129340979, y=52.10755129340978, orientation=1.5707963267948943}
We are heading towards the checkpoint : 0
CheckPoint{position=Position{x=-200.0, y=1000.0, orientation=0.0}, shape=Circle{radius=80.0, type='circle'}}
The angle is between the ship and the checkpoint is : 0.2607611584146401
----------------------------------------------------------------
The ship is in Position{x=52.9325512934105, y=217.1075512934103, orientation=1.5707963267948943}
We are heading towards the checkpoint : 0
CheckPoint{position=Position{x=-200.0, y=1000.0, orientation=0.0}, shape=Circle{radius=80.0, type='circle'}}
The angle is between the ship and the checkpoint is : 0.31248948945203026
----------------------------------------------------------------
The ship is in Position{x=52.93255129341121, y=382.1075512934087, orientation=1.5707963267948943}
We are heading towards the checkpoint : 0
CheckPoint{position=Position{x=-200.0, y=1000.0, orientation=0.0}, shape=Circle{radius=80.0, type='circle'}}
The angle is between the ship and the checkpoint is : 0.3885388188255181
----------------------------------------------------------------
The ship is in Position{x=52.93255129341192, y=547.1075512934065, orientation=1.5707963267948943}
We are heading towards the checkpoint : 0
CheckPoint{position=Position{x=-200.0, y=1000.0, orientation=0.0}, shape=Circle{radius=80.0, type='circle'}}
The angle is between the ship and the checkpoint is : 0.5093314966416251
