Angle : -1.734965938451518 ( -99.40622587222612 degrees) to be aligned checkpoint : 0
Angle : 0.5330468176357919 ( 30.541332933410533 degrees) to be aligned checkpoint : 0
Angle : 0.5330468176357919 ( 30.541332933410533 degrees) to be aligned checkpoint : 0
Angle : 0.5330468176357919 ( 30.541332933410533 degrees) to be aligned checkpoint : 0
Angle : 0.009229588912239128 ( 0.5288164913120424 degrees) to be aligned checkpoint : 0
Angle : 0.47411813635410516 ( 27.16496820369831 degrees) to be aligned checkpoint : 0
Angle : 0.10484829835048659 ( 6.007364984611352 degrees) to be aligned checkpoint : 0
Angle : 0.04240706085133228 ( 2.4297456083357996 degrees) to be aligned checkpoint : 0
Angle : 0.6244022783942929 ( 35.775615270345654 degrees) to be aligned checkpoint : 0
Angle : 0.22466854278218396 ( 12.872559290773514 degrees) to be aligned checkpoint : 0
Angle : 0.5955981298763753 ( 34.125259127800966 degrees) to be aligned checkpoint : 0
Index -1 out of bounds for length 45
Index -1 out of bounds for length 45
Index -1 out of bounds for length 45
Index -1 out of bounds for length 45
Index -1 out of bounds for length 45
Index -1 out of bounds for length 45
Angle : 0.07656803687934133 ( 4.387025358788296 degrees) to be aligned checkpoint : 0
Angle : 0.01371833939291367 ( 0.7860029491420132 degrees) to be aligned checkpoint : 0
Angle : 0.0038119235095255277 ( 0.2184071289225096 degrees) to be aligned checkpoint : 0
Angle : 0.5206371548185516 ( 29.830311628802235 degrees) to be aligned checkpoint : 0
Angle : 0.1437219500157898 ( 8.23466115929493 degrees) to be aligned checkpoint : 0
Angle : 0.8093009116751047 ( 46.36952659507331 degrees) to be aligned checkpoint : 0
Angle : 0.01601551297244974 ( 0.91762130005839 degrees) to be aligned checkpoint : 0
Angle : 4.920341281300367E-4 ( 0.028191478918250277 degrees) to be aligned checkpoint : 0
Angle : -2.3873180858835497E-5 ( -0.001367832506763776 degrees) to be aligned checkpoint : 0
Angle : -1.146420512192492E-4 ( -0.006568505689585592 degrees) to be aligned checkpoint : 0
Angle : -1.1851946803087543E-4 ( -0.006790665308304848 degrees) to be aligned checkpoint : 0
Angle : -1.19431302105788E-4 ( -0.0068429095524135545 degrees) to be aligned checkpoint : 0
Angle : -1.2027477048359714E-4 ( -0.006891236730614763 degrees) to be aligned checkpoint : 0
Angle : -1.2115724831751606E-4 ( -0.006941798986012165 degrees) to be aligned checkpoint : 0
Angle : -1.2208687379988703E-4 ( -0.006995062602679835 degrees) to be aligned checkpoint : 0
Angle : -1.230687247808504E-4 ( -0.007051318519999815 degrees) to be aligned checkpoint : 0
Angle : -1.2410852199096212E-4 ( -0.0071108945116886944 degrees) to be aligned checkpoint : 0
Angle : -1.2521294111600412E-4 ( -0.007174173066367132 degrees) to be aligned checkpoint : 0
Angle : -1.2638984132529174E-4 ( -0.007241604481267376 degrees) to be aligned checkpoint : 0
Angle : -1.2764855827107624E-4 ( -0.007313723649862425 degrees) to be aligned checkpoint : 0
Angle : -1.2900029075613162E-4 ( -0.007391172216286829 degrees) to be aligned checkpoint : 0
Angle : -1.3045862110327988E-4 ( -0.007474728390314273 degrees) to be aligned checkpoint : 0
Angle : -1.3204022823209982E-4 ( -0.007565347803643459 degrees) to be aligned checkpoint : 0
Angle : -1.3376588517743926E-4 ( -0.007664220663498846 degrees) to be aligned checkpoint : 0
Angle : -1.356618860670622E-4 ( -0.00777285351242729 degrees) to be aligned checkpoint : 0
Angle : -1.3776214250693641E-4 ( -0.007893189342327255 degrees) to be aligned checkpoint : 0
Angle : -1.401113608014981E-4 ( -0.008027789635760561 degrees) to be aligned checkpoint : 0
Angle : -1.4277003275431355E-4 ( -0.00818012031776669 degrees) to be aligned checkpoint : 0
Angle : -1.4582261983520084E-4 ( -0.008355020674097692 degrees) to be aligned checkpoint : 0
Angle : -1.4939168828220772E-4 ( -0.008559513232904497 degrees) to be aligned checkpoint : 0
Angle : -1.53663942557003E-4 ( -0.008804295371856992 degrees) to be aligned checkpoint : 0
Angle : -1.5894223753321057E-4 ( -0.00910671939701879 degrees) to be aligned checkpoint : 0
Angle : -1.6576121924316567E-4 ( -0.009497418269576119 degrees) to be aligned checkpoint : 0
Angle : -1.751852205922333E-4 ( -0.010037373773003289 degrees) to be aligned checkpoint : 0
Angle : -1.8976266125125818E-4 ( -0.01087259959886782 degrees) to be aligned checkpoint : 0
Angle : 0.7317543756850622 ( 41.92643736698454 degrees) to be aligned checkpoint : 0
Angle : 0.005952393842683534 ( 0.3410470451854246 degrees) to be aligned checkpoint : 0
Angle : -0.02246916699842494 ( -1.287388438184381 degrees) to be aligned checkpoint : 0
Angle : -0.0017487671014748685 ( -0.10019697426583613 degrees) to be aligned checkpoint : 0
Angle : -1.6091207667479068E-4 ( -0.009219582866151004 degrees) to be aligned checkpoint : 0
Angle : -1.8105148901881307E-5 ( -0.001037348619533716 degrees) to be aligned checkpoint : 0
Angle : -2.621106943045959E-6 ( -1.501783654889705E-4 degrees) to be aligned checkpoint : 0
Angle : -5.319618541221871E-7 ( -3.0479169103155294E-5 degrees) to be aligned checkpoint : 0
Angle : -1.8050670469449415E-7 ( -1.0342272352808798E-5 degrees) to be aligned checkpoint : 0
Angle : -0.526782460833755 ( -30.18241172728975 degrees) to be aligned checkpoint : 0
Angle : 0.3454953777028562 ( 19.79542698365195 degrees) to be aligned checkpoint : 0
Angle : 0.0973437266071695 ( 5.577384696666149 degrees) to be aligned checkpoint : 0
Angle : 0.6551131631563125 ( 37.53521935232201 degrees) to be aligned checkpoint : 0
Angle : 2.59076802327015 ( 148.44007343083067 degrees) to be aligned checkpoint : 1
Angle : 0.26801669484958035 ( 15.356225453926621 degrees) to be aligned checkpoint : 1
Angle : 0.012661811889323804 ( 0.725468382246821 degrees) to be aligned checkpoint : 1
Angle : 6.643016037917171E-4 ( 0.0380616782210372 degrees) to be aligned checkpoint : 1
Angle : 3.889380262256381E-5 ( 0.002228450739487759 degrees) to be aligned checkpoint : 1
Angle : 2.5758023354249815E-6 ( 1.4758260267979225E-4 degrees) to be aligned checkpoint : 1
Angle : 1.9633409120700662E-7 ( 1.1249114800698047E-5 degrees) to be aligned checkpoint : 1
Angle : 1.762535672966692E-8 ( 1.0098585530224175E-6 degrees) to be aligned checkpoint : 1
Angle : 1.9243446836014755E-9 ( 1.102568286988023E-7 degrees) to be aligned checkpoint : 1
Angle : 2.6807533970441E-10 ( 1.5359585556598518E-8 degrees) to be aligned checkpoint : 1
Angle : 5.154054960598842E-11 ( 2.9530559662077944E-9 degrees) to be aligned checkpoint : 1
Angle : 1.5990320179071205E-11 ( 9.161778593236548E-10 degrees) to be aligned checkpoint : 1
Angle : -0.7387079449861962 ( -42.32484754049125 degrees) to be aligned checkpoint : 1
Angle : -0.020554901325773756 ( -1.1777090942746966 degrees) to be aligned checkpoint : 1
Angle : -4.346572120583758E-5 ( -0.002490402378586777 degrees) to be aligned checkpoint : 1
Angle : 7.179163665647081E-4 ( 0.0411335778475247 degrees) to be aligned checkpoint : 1
Angle : 8.63664448228274E-4 ( 0.04948432779897509 degrees) to be aligned checkpoint : 1
Angle : 0.0010263479085366178 ( 0.05880540347122724 degrees) to be aligned checkpoint : 1
Angle : 0.00124988169058593 ( 0.07161294576125003 degrees) to be aligned checkpoint : 1
Angle : 0.0015753355188516949 ( 0.09026007654725385 degrees) to be aligned checkpoint : 1
Angle : 0.002084936674550786 ( 0.1194580720038009 degrees) to be aligned checkpoint : 1
Angle : 0.0029734035774944267 ( 0.17036347577953087 degrees) to be aligned checkpoint : 1
Angle : 0.004820986302005448 ( 0.2762221681952942 degrees) to be aligned checkpoint : 1
Angle : 0.010268219901775844 ( 0.5883256634839925 degrees) to be aligned checkpoint : 1
Angle : -0.5917640926328824 ( -33.90558497525286 degrees) to be aligned checkpoint : 1
Angle : -0.16595008578936876 ( -9.508239525564768 degrees) to be aligned checkpoint : 1
Angle : -0.7392292325374542 ( -42.35471511709104 degrees) to be aligned checkpoint : 1
Angle : -0.08764621272128958 ( -5.0217580792357195 degrees) to be aligned checkpoint : 1
Angle : -0.018439512604449093 ( -1.0565062485132177 degrees) to be aligned checkpoint : 1
Angle : -0.006797891644362175 ( -0.38949050080919984 degrees) to be aligned checkpoint : 1
Angle : -0.6469726727116643 ( -37.068803606677086 degrees) to be aligned checkpoint : 1
Angle : -0.31342949825360056 ( -17.958187424834318 degrees) to be aligned checkpoint : 1
Angle : -0.19860965576303016 ( -11.379495045767756 degrees) to be aligned checkpoint : 1
Angle : -0.06414655437483735 ( -3.6753268359846274 degrees) to be aligned checkpoint : 1
Angle : -0.05586045035178544 ( -3.2005680468573803 degrees) to be aligned checkpoint : 1
