Le marin Luffy Pouce utilise les action [fr.unice.polytech.si3.qgl.flute.game.actions.Moving@11e109ec, fr.unice.polytech.si3.qgl.flute.game.actions.Oar@292a8974]
Le marin Luffy Teach utilise les action [fr.unice.polytech.si3.qgl.flute.game.actions.Moving@3607153e, fr.unice.polytech.si3.qgl.flute.game.actions.Oar@3f770b05]
Le marin Jack Pouce utilise les action [fr.unice.polytech.si3.qgl.flute.game.actions.Moving@585b35cd]
Le marin Jack Pouce utilise les action [fr.unice.polytech.si3.qgl.flute.game.actions.Moving@25ed9f3b]
Le marin Tom Pouce utilise les action [fr.unice.polytech.si3.qgl.flute.game.actions.Turn@64cc32d0]
Le marin Tom Pouce utilise les action [fr.unice.polytech.si3.qgl.flute.game.actions.Moving@2146c92c]
Le marin Jack Pouce utilise les action [fr.unice.polytech.si3.qgl.flute.game.actions.Moving@23e9a95f]
Le marin Luffy Teach utilise les action [fr.unice.polytech.si3.qgl.flute.game.actions.Moving@5fe98a8]
Le marin Edward Teach utilise les action [fr.unice.polytech.si3.qgl.flute.game.actions.Moving@a17075]
Le marin Tom Teach utilise les action []
Le marin Luffy Pouce utilise les action [fr.unice.polytech.si3.qgl.flute.game.actions.Moving@31721f9, fr.unice.polytech.si3.qgl.flute.game.actions.LiftSail@5ac0d989]
Le marin Jack Pouce utilise les action []
Le marin Luffy Pouce utilise les action [fr.unice.polytech.si3.qgl.flute.game.actions.Oar@31038796]
Le marin Luffy Teach utilise les action [fr.unice.polytech.si3.qgl.flute.game.actions.Oar@3fc47fc6]
Le marin Jack Pouce utilise les action [fr.unice.polytech.si3.qgl.flute.game.actions.Oar@3bfbece6]
Le marin Jack Pouce utilise les action [fr.unice.polytech.si3.qgl.flute.game.actions.Moving@7ef975fd]
Le marin Tom Pouce utilise les action [fr.unice.polytech.si3.qgl.flute.game.actions.Turn@53eb6283]
Le marin Tom Pouce utilise les action [fr.unice.polytech.si3.qgl.flute.game.actions.Moving@4f4d0d77]
Le marin Jack Pouce utilise les action [fr.unice.polytech.si3.qgl.flute.game.actions.Oar@2bb544a4]
Le marin Luffy Teach utilise les action [fr.unice.polytech.si3.qgl.flute.game.actions.Oar@1ed68ab2]
Le marin Edward Teach utilise les action [fr.unice.polytech.si3.qgl.flute.game.actions.Oar@16a10c91]
Le marin Tom Teach utilise les action [fr.unice.polytech.si3.qgl.flute.game.actions.Oar@31a08d87]
Le marin Luffy Pouce utilise les action [fr.unice.polytech.si3.qgl.flute.game.actions.LiftSail@30b16f73]
Le marin Jack Pouce utilise les action [fr.unice.polytech.si3.qgl.flute.game.actions.Oar@1a98f0cd]
Le marin Luffy Pouce utilise les action [fr.unice.polytech.si3.qgl.flute.game.actions.Oar@4bb7e5a7]
Le marin Luffy Teach utilise les action [fr.unice.polytech.si3.qgl.flute.game.actions.Oar@457012a1]
Le marin Jack Pouce utilise les action [fr.unice.polytech.si3.qgl.flute.game.actions.Oar@414f8ed7]
Le marin Jack Pouce utilise les action [fr.unice.polytech.si3.qgl.flute.game.actions.Moving@44d189a]
Le marin Tom Pouce utilise les action [fr.unice.polytech.si3.qgl.flute.game.actions.Turn@70234f69]
Le marin Tom Pouce utilise les action [fr.unice.polytech.si3.qgl.flute.game.actions.Moving@3583bed6]
Le marin Jack Pouce utilise les action [fr.unice.polytech.si3.qgl.flute.game.actions.Oar@807b787]
Le marin Luffy Teach utilise les action [fr.unice.polytech.si3.qgl.flute.game.actions.Oar@6462e7d5]
Le marin Edward Teach utilise les action [fr.unice.polytech.si3.qgl.flute.game.actions.Oar@e50b437]
Le marin Tom Teach utilise les action [fr.unice.polytech.si3.qgl.flute.game.actions.Oar@260dce25]
Le marin Luffy Pouce utilise les action [fr.unice.polytech.si3.qgl.flute.game.actions.LiftSail@1303feec]
Le marin Jack Pouce utilise les action [fr.unice.polytech.si3.qgl.flute.game.actions.Oar@602cff16]
Le marin Luffy Pouce utilise les action [fr.unice.polytech.si3.qgl.flute.game.actions.Oar@542a5a63]
Le marin Luffy Teach utilise les action [fr.unice.polytech.si3.qgl.flute.game.actions.Oar@5aedae96]
Le marin Jack Pouce utilise les action [fr.unice.polytech.si3.qgl.flute.game.actions.Oar@5ed23113]
Le marin Jack Pouce utilise les action [fr.unice.polytech.si3.qgl.flute.game.actions.Moving@1bd0a4ad]
Le marin Tom Pouce utilise les action [fr.unice.polytech.si3.qgl.flute.game.actions.Turn@1d2f0cf6]
Le marin Tom Pouce utilise les action [fr.unice.polytech.si3.qgl.flute.game.actions.Moving@2a0198db]
Le marin Jack Pouce utilise les action [fr.unice.polytech.si3.qgl.flute.game.actions.Oar@65146e21]
Le marin Luffy Teach utilise les action [fr.unice.polytech.si3.qgl.flute.game.actions.Oar@7bff5be2]
Le marin Edward Teach utilise les action [fr.unice.polytech.si3.qgl.flute.game.actions.Oar@1e52a0d7]
Le marin Tom Teach utilise les action [fr.unice.polytech.si3.qgl.flute.game.actions.Oar@38b33486]
Le marin Luffy Pouce utilise les action [fr.unice.polytech.si3.qgl.flute.game.actions.LiftSail@7e1020d7]
Le marin Jack Pouce utilise les action [fr.unice.polytech.si3.qgl.flute.game.actions.Oar@7fb144bc]
Le marin Luffy Pouce utilise les action [fr.unice.polytech.si3.qgl.flute.game.actions.Oar@26fc007d]
Le marin Luffy Teach utilise les action [fr.unice.polytech.si3.qgl.flute.game.actions.Oar@402249a9]
Le marin Jack Pouce utilise les action [fr.unice.polytech.si3.qgl.flute.game.actions.Oar@4e8f6f3d]
Le marin Jack Pouce utilise les action [fr.unice.polytech.si3.qgl.flute.game.actions.Moving@2b771f0c]
Le marin Tom Pouce utilise les action [fr.unice.polytech.si3.qgl.flute.game.actions.Turn@6dce1df7]
Le marin Tom Pouce utilise les action [fr.unice.polytech.si3.qgl.flute.game.actions.Moving@3ff36ee6]
Le marin Jack Pouce utilise les action [fr.unice.polytech.si3.qgl.flute.game.actions.Oar@a3008a2]
Le marin Luffy Teach utilise les action [fr.unice.polytech.si3.qgl.flute.game.actions.Oar@19ace997]
Le marin Edward Teach utilise les action [fr.unice.polytech.si3.qgl.flute.game.actions.Oar@4107ef0]
Le marin Tom Teach utilise les action [fr.unice.polytech.si3.qgl.flute.game.actions.Oar@20b0a4ca]
Le marin Luffy Pouce utilise les action [fr.unice.polytech.si3.qgl.flute.game.actions.LiftSail@2acfcd66]
Le marin Jack Pouce utilise les action [fr.unice.polytech.si3.qgl.flute.game.actions.Oar@54d179f9]
Le marin Luffy Pouce utilise les action [fr.unice.polytech.si3.qgl.flute.game.actions.Oar@1baa504d]
Le marin Luffy Teach utilise les action [fr.unice.polytech.si3.qgl.flute.game.actions.Oar@734e0c4f]
Le marin Jack Pouce utilise les action [fr.unice.polytech.si3.qgl.flute.game.actions.Oar@35093a0a]
Le marin Jack Pouce utilise les action [fr.unice.polytech.si3.qgl.flute.game.actions.Moving@12c85621]
Le marin Tom Pouce utilise les action [fr.unice.polytech.si3.qgl.flute.game.actions.Turn@5b29540d]
Le marin Tom Pouce utilise les action [fr.unice.polytech.si3.qgl.flute.game.actions.Moving@58060753]
Le marin Jack Pouce utilise les action [fr.unice.polytech.si3.qgl.flute.game.actions.Oar@2423bf33]
Le marin Luffy Teach utilise les action [fr.unice.polytech.si3.qgl.flute.game.actions.Oar@748a8cc8]
Le marin Edward Teach utilise les action [fr.unice.polytech.si3.qgl.flute.game.actions.Oar@65123768]
Le marin Tom Teach utilise les action [fr.unice.polytech.si3.qgl.flute.game.actions.Oar@d469806]
Le marin Luffy Pouce utilise les action [fr.unice.polytech.si3.qgl.flute.game.actions.LiftSail@342564ba]
Le marin Jack Pouce utilise les action [fr.unice.polytech.si3.qgl.flute.game.actions.Oar@14e9523a]
Le marin Luffy Pouce utilise les action [fr.unice.polytech.si3.qgl.flute.game.actions.Oar@28f64490]
Le marin Luffy Teach utilise les action [fr.unice.polytech.si3.qgl.flute.game.actions.Oar@2631affe]
Le marin Jack Pouce utilise les action [fr.unice.polytech.si3.qgl.flute.game.actions.Oar@220e2fe0]
Le marin Jack Pouce utilise les action [fr.unice.polytech.si3.qgl.flute.game.actions.Moving@670ca5c5]
Le marin Tom Pouce utilise les action [fr.unice.polytech.si3.qgl.flute.game.actions.Turn@7dc4bf70]
Le marin Tom Pouce utilise les action [fr.unice.polytech.si3.qgl.flute.game.actions.Moving@5621a169]
Le marin Jack Pouce utilise les action [fr.unice.polytech.si3.qgl.flute.game.actions.Oar@503e562]
Le marin Luffy Teach utilise les action [fr.unice.polytech.si3.qgl.flute.game.actions.Oar@7235a8a]
Le marin Edward Teach utilise les action [fr.unice.polytech.si3.qgl.flute.game.actions.Oar@5f444a21]
Le marin Tom Teach utilise les action [fr.unice.polytech.si3.qgl.flute.game.actions.Oar@4b59249]
Le marin Luffy Pouce utilise les action [fr.unice.polytech.si3.qgl.flute.game.actions.LiftSail@1e074f48]
Le marin Jack Pouce utilise les action [fr.unice.polytech.si3.qgl.flute.game.actions.Oar@36da108]
Le marin Luffy Pouce utilise les action [fr.unice.polytech.si3.qgl.flute.game.actions.Oar@28091764]
Le marin Luffy Teach utilise les action [fr.unice.polytech.si3.qgl.flute.game.actions.Oar@26ceec15]
Le marin Jack Pouce utilise les action [fr.unice.polytech.si3.qgl.flute.game.actions.Oar@22f17c14]
Le marin Jack Pouce utilise les action [fr.unice.polytech.si3.qgl.flute.game.actions.Moving@67f3e62e]
Le marin Tom Pouce utilise les action [fr.unice.polytech.si3.qgl.flute.game.actions.Turn@7217f83]
Le marin Tom Pouce utilise les action [fr.unice.polytech.si3.qgl.flute.game.actions.Moving@565e8536]
Le marin Jack Pouce utilise les action [fr.unice.polytech.si3.qgl.flute.game.actions.Oar@7f664235]
Le marin Luffy Teach utilise les action [fr.unice.polytech.si3.qgl.flute.game.actions.Oar@7dc1961]
Le marin Edward Teach utilise les action [fr.unice.polytech.si3.qgl.flute.game.actions.Oar@b8da37e]
Le marin Tom Teach utilise les action [fr.unice.polytech.si3.qgl.flute.game.actions.Oar@2958f00c]
Le marin Luffy Pouce utilise les action [fr.unice.polytech.si3.qgl.flute.game.actions.LiftSail@646268f8]
Le marin Jack Pouce utilise les action [fr.unice.polytech.si3.qgl.flute.game.actions.Oar@3926204]
Le marin Luffy Pouce utilise les action [fr.unice.polytech.si3.qgl.flute.game.actions.Oar@7e6a98f6]
Le marin Luffy Teach utilise les action [fr.unice.polytech.si3.qgl.flute.game.actions.Oar@70ad694b]
Le marin Jack Pouce utilise les action [fr.unice.polytech.si3.qgl.flute.game.actions.Oar@7492f386]
Le marin Jack Pouce utilise les action [fr.unice.polytech.si3.qgl.flute.game.actions.Moving@31906370]
