----------------------------------------------------------------
The ship is in Position{orientation=0.0, x=0.0, y=0.0}
We are heading towards the checkpoint : 0
CheckPoint{position=Position{orientation=0.0, x=-200.0, y=1000.0}, shape=Circle{radius=80.0, type='circle'}}
The angle is between the ship and the checkpoint is : 1.7681918866447772
----------------------------------------------------------------
The ship is in Position{orientation=0.0, x=0.0, y=0.0}
We are heading towards the checkpoint : 0
CheckPoint{position=Position{orientation=0.0, x=-200.0, y=1000.0}, shape=Circle{radius=80.0, type='circle'}}
The angle is between the ship and the checkpoint is : 1.7681918866447772
----------------------------------------------------------------
The ship is in Position{orientation=1.5707963267948943, x=52.93255129340979, y=52.10755129340978}
We are heading towards the checkpoint : 0
CheckPoint{position=Position{orientation=0.0, x=-200.0, y=1000.0}, shape=Circle{radius=80.0, type='circle'}}
The angle is between the ship and the checkpoint is : 0.2607611872815243
----------------------------------------------------------------
The ship is in Position{orientation=0.0, x=0.0, y=0.0}
We are heading towards the checkpoint : 0
CheckPoint{position=Position{orientation=0.0, x=-200.0, y=1000.0}, shape=Circle{radius=80.0, type='circle'}}
The angle is between the ship and the checkpoint is : 1.7681918866447772
----------------------------------------------------------------
The ship is in Position{orientation=1.5707963267948943, x=52.93255129340979, y=52.10755129340978}
We are heading towards the checkpoint : 0
CheckPoint{position=Position{orientation=0.0, x=-200.0, y=1000.0}, shape=Circle{radius=80.0, type='circle'}}
The angle is between the ship and the checkpoint is : 0.2607611872815243
----------------------------------------------------------------
The ship is in Position{orientation=1.5707963267948943, x=52.9325512934105, y=217.1075512934103}
We are heading towards the checkpoint : 0
CheckPoint{position=Position{orientation=0.0, x=-200.0, y=1000.0}, shape=Circle{radius=80.0, type='circle'}}
The angle is between the ship and the checkpoint is : 0.3124893250427634
----------------------------------------------------------------
The ship is in Position{orientation=0.0, x=0.0, y=0.0}
We are heading towards the checkpoint : 0
CheckPoint{position=Position{orientation=0.0, x=-200.0, y=1000.0}, shape=Circle{radius=80.0, type='circle'}}
The angle is between the ship and the checkpoint is : 1.7681918866447772
----------------------------------------------------------------
The ship is in Position{orientation=1.5707963267948943, x=52.93255129340979, y=52.10755129340978}
We are heading towards the checkpoint : 0
CheckPoint{position=Position{orientation=0.0, x=-200.0, y=1000.0}, shape=Circle{radius=80.0, type='circle'}}
The angle is between the ship and the checkpoint is : 0.2607611872815243
----------------------------------------------------------------
The ship is in Position{orientation=1.5707963267948943, x=52.9325512934105, y=217.1075512934103}
We are heading towards the checkpoint : 0
CheckPoint{position=Position{orientation=0.0, x=-200.0, y=1000.0}, shape=Circle{radius=80.0, type='circle'}}
The angle is between the ship and the checkpoint is : 0.3124893250427634
----------------------------------------------------------------
The ship is in Position{orientation=1.5707963267948943, x=52.93255129341121, y=382.1075512934087}
We are heading towards the checkpoint : 0
CheckPoint{position=Position{orientation=0.0, x=-200.0, y=1000.0}, shape=Circle{radius=80.0, type='circle'}}
The angle is between the ship and the checkpoint is : 0.38853825718625634
----------------------------------------------------------------
The ship is in Position{orientation=0.0, x=0.0, y=0.0}
We are heading towards the checkpoint : 0
CheckPoint{position=Position{orientation=0.0, x=-200.0, y=1000.0}, shape=Circle{radius=80.0, type='circle'}}
The angle is between the ship and the checkpoint is : 1.7681918866447772
----------------------------------------------------------------
The ship is in Position{orientation=1.5707963267948943, x=52.93255129340979, y=52.10755129340978}
We are heading towards the checkpoint : 0
CheckPoint{position=Position{orientation=0.0, x=-200.0, y=1000.0}, shape=Circle{radius=80.0, type='circle'}}
The angle is between the ship and the checkpoint is : 0.2607611872815243
----------------------------------------------------------------
The ship is in Position{orientation=1.5707963267948943, x=52.9325512934105, y=217.1075512934103}
We are heading towards the checkpoint : 0
CheckPoint{position=Position{orientation=0.0, x=-200.0, y=1000.0}, shape=Circle{radius=80.0, type='circle'}}
The angle is between the ship and the checkpoint is : 0.3124893250427634
----------------------------------------------------------------
The ship is in Position{orientation=1.5707963267948943, x=52.93255129341121, y=382.1075512934087}
We are heading towards the checkpoint : 0
CheckPoint{position=Position{orientation=0.0, x=-200.0, y=1000.0}, shape=Circle{radius=80.0, type='circle'}}
The angle is between the ship and the checkpoint is : 0.38853825718625634
----------------------------------------------------------------
The ship is in Position{orientation=1.5707963267948943, x=52.93255129341192, y=547.1075512934065}
We are heading towards the checkpoint : 0
CheckPoint{position=Position{orientation=0.0, x=-200.0, y=1000.0}, shape=Circle{radius=80.0, type='circle'}}
The angle is between the ship and the checkpoint is : 0.5093324268911306
----------------------------------------------------------------
The ship is in Position{orientation=0.0, x=0.0, y=0.0}
We are heading towards the checkpoint : 0
CheckPoint{position=Position{orientation=0.0, x=-200.0, y=1000.0}, shape=Circle{radius=80.0, type='circle'}}
The angle is between the ship and the checkpoint is : 1.7681918866447772
----------------------------------------------------------------
The ship is in Position{orientation=1.5707963267948943, x=52.93255129340979, y=52.10755129340978}
We are heading towards the checkpoint : 0
CheckPoint{position=Position{orientation=0.0, x=-200.0, y=1000.0}, shape=Circle{radius=80.0, type='circle'}}
The angle is between the ship and the checkpoint is : 0.2607611872815243
----------------------------------------------------------------
The ship is in Position{orientation=1.5707963267948943, x=52.9325512934105, y=217.1075512934103}
We are heading towards the checkpoint : 0
CheckPoint{position=Position{orientation=0.0, x=-200.0, y=1000.0}, shape=Circle{radius=80.0, type='circle'}}
The angle is between the ship and the checkpoint is : 0.3124893250427634
----------------------------------------------------------------
The ship is in Position{orientation=1.5707963267948943, x=52.93255129341121, y=382.1075512934087}
We are heading towards the checkpoint : 0
CheckPoint{position=Position{orientation=0.0, x=-200.0, y=1000.0}, shape=Circle{radius=80.0, type='circle'}}
The angle is between the ship and the checkpoint is : 0.38853825718625634
----------------------------------------------------------------
The ship is in Position{orientation=1.5707963267948943, x=52.93255129341192, y=547.1075512934065}
We are heading towards the checkpoint : 0
CheckPoint{position=Position{orientation=0.0, x=-200.0, y=1000.0}, shape=Circle{radius=80.0, type='circle'}}
The angle is between the ship and the checkpoint is : 0.5093324268911306
