Angle : 1.5502816245077267 ( 88.8245941409778 degrees) to be aligned checkpoint : 0
Angle : -0.39531960957825696 ( -22.6501451875936 degrees) to be aligned checkpoint : 0
Angle : -0.396204989796898 ( -22.700873737386097 degrees) to be aligned checkpoint : 0
Angle : -0.12327665062643245 ( -7.0632317934033555 degrees) to be aligned checkpoint : 0
Angle : 0.509240682604911 ( 29.177341869622513 degrees) to be aligned checkpoint : 0
Angle : 0.02788312654431735 ( 1.59758547061858 degrees) to be aligned checkpoint : 0
Angle : 0.0015741633920989262 ( 0.09019291863126583 degrees) to be aligned checkpoint : 0
Angle : 9.941187435624776E-5 ( 0.005695880834097815 degrees) to be aligned checkpoint : 0
Angle : 7.172684130862805E-6 ( 4.109645284788998E-4 degrees) to be aligned checkpoint : 0
Angle : 6.037674213921207E-7 ( 3.4593325053265214E-5 degrees) to be aligned checkpoint : 0
Angle : 6.098846827562454E-8 ( 3.4943818311607997E-6 degrees) to be aligned checkpoint : 0
Angle : -7.26048659657641E-4 ( -0.041599523919513146 degrees) to be aligned checkpoint : 0
Angle : 8.45904787176277E-4 ( 0.048466774175112796 degrees) to be aligned checkpoint : 0
Angle : 2.1371099258837845E-4 ( 0.012244737910865703 degrees) to be aligned checkpoint : 0
Angle : -0.6440147784518597 ( -36.89932874934432 degrees) to be aligned checkpoint : 0
Angle : -0.08292371181792191 ( -4.751178708726033 degrees) to be aligned checkpoint : 0
Angle : -0.017488687435169292 ( -1.002027979258673 degrees) to be aligned checkpoint : 0
Angle : -0.006472451192939377 ( -0.3708441364598412 degrees) to be aligned checkpoint : 0
Angle : -0.7540895537963657 ( -43.20614880743519 degrees) to be aligned checkpoint : 0
Angle : -0.12201262140388838 ( -6.990808253770378 degrees) to be aligned checkpoint : 0
Angle : -0.0329406767178669 ( -1.887361750238626 degrees) to be aligned checkpoint : 0
Angle : 0.5750160490856955 ( 32.94599276489773 degrees) to be aligned checkpoint : 0
Angle : 0.20502227593163297 ( 11.746911117049168 degrees) to be aligned checkpoint : 0
Angle : 0.22833171334664704 ( 13.082443503753804 degrees) to be aligned checkpoint : 0
Angle : -0.11771706880766508 ( -6.744691219330319 degrees) to be aligned checkpoint : 0
Angle : -0.028883614830850224 ( -1.654909226889189 degrees) to be aligned checkpoint : 0
Angle : -0.5584250737444667 ( -31.995399899839704 degrees) to be aligned checkpoint : 0
Angle : -0.12104745428714708 ( -6.935508251456291 degrees) to be aligned checkpoint : 0
Angle : -0.05116122294974942 ( -2.93132214974849 degrees) to be aligned checkpoint : 0
Angle : 0.6606535587312536 ( 37.85266063559909 degrees) to be aligned checkpoint : 0
Angle : 0.6413884592658914 ( 36.7488517443341 degrees) to be aligned checkpoint : 0
Angle : 0.23393817701334307 ( 13.40367020984893 degrees) to be aligned checkpoint : 0
Angle : -0.5936360654689108 ( -34.01284111812042 degrees) to be aligned checkpoint : 0
Angle : -0.1838995563914677 ( -10.536668435559184 degrees) to be aligned checkpoint : 0
Angle : 1.358330602382991 ( 77.82661070000815 degrees) to be aligned checkpoint : 1
Angle : 0.22487335772770978 ( 12.884294322733346 degrees) to be aligned checkpoint : 1
Angle : 0.019540462542952497 ( 1.1195860334446501 degrees) to be aligned checkpoint : 1
Angle : 0.005270694740765691 ( 0.30198856374767363 degrees) to be aligned checkpoint : 1
Angle : 0.5770684405294801 ( 33.063586132535356 degrees) to be aligned checkpoint : 1
Angle : 0.10153997143735927 ( 5.817811815239613 degrees) to be aligned checkpoint : 1
Angle : 0.028502713941288338 ( 1.6330852135045142 degrees) to be aligned checkpoint : 1
Angle : 0.018037273299587486 ( 1.0334596339903714 degrees) to be aligned checkpoint : 1
Angle : -0.8442189538835105 ( -48.370183042474636 degrees) to be aligned checkpoint : 1
Angle : -0.5584770890298587 ( -31.99838015616283 degrees) to be aligned checkpoint : 1
Angle : -0.08172148055292894 ( -4.682295931243261 degrees) to be aligned checkpoint : 1
Angle : -0.01742854289612472 ( -0.9985819510106593 degrees) to be aligned checkpoint : 1
Angle : -0.5242623420364063 ( -30.038019556330088 degrees) to be aligned checkpoint : 1
Angle : -0.11363734071785969 ( -6.5109400182235015 degrees) to be aligned checkpoint : 1
Angle : -0.5977166973811214 ( -34.246644104436484 degrees) to be aligned checkpoint : 1
Angle : 0.3076997053773579 ( 17.62989447554149 degrees) to be aligned checkpoint : 1
Angle : 0.02334931188269085 ( 1.3378170254128479 degrees) to be aligned checkpoint : 1
Angle : -0.08349618112159407 ( -4.783978783727241 degrees) to be aligned checkpoint : 1
Angle : -0.03190517734259679 ( -1.8280320063472153 degrees) to be aligned checkpoint : 1
Angle : 0.1559906633960303 ( 8.937606656038392 degrees) to be aligned checkpoint : 1
Angle : 0.028379632802239874 ( 1.6260331836993744 degrees) to be aligned checkpoint : 1
Angle : 0.007861744506827195 ( 0.4504447798513571 degrees) to be aligned checkpoint : 1
Angle : -0.7290026271658278 ( -41.76877379055102 degrees) to be aligned checkpoint : 1
Angle : -0.050923512765527104 ( -2.9177023594452742 degrees) to be aligned checkpoint : 1
Angle : -0.004548187947007915 ( -0.26059197379582405 degrees) to be aligned checkpoint : 1
Angle : -4.938314549919852E-4 ( -0.02829445816184542 degrees) to be aligned checkpoint : 1
Angle : -6.830644303890479E-5 ( -0.003913670899680006 degrees) to be aligned checkpoint : 1
Index 51 out of bounds for length 51
Index 51 out of bounds for length 51
Index 51 out of bounds for length 51
Angle : 0.014132984851511328 ( 0.8097603839139255 degrees) to be aligned checkpoint : 1
Angle : -0.018390802594409394 ( -1.053715370517903 degrees) to be aligned checkpoint : 1
Angle : 0.6863375647199266 ( 39.32424577973878 degrees) to be aligned checkpoint : 1
Angle : 0.0730073012113025 ( 4.183010233047976 degrees) to be aligned checkpoint : 1
Angle : 0.00968592017632841 ( 0.5549623468042281 degrees) to be aligned checkpoint : 1
Angle : 0.0017231274531861462 ( 0.09872793063069252 degrees) to be aligned checkpoint : 1
Angle : 4.7235531408862386E-4 ( 0.027063965927854542 degrees) to be aligned checkpoint : 1
Angle : -0.4724819826393743 ( -27.071223501209577 degrees) to be aligned checkpoint : 1
Angle : 0.2207168620888833 ( 12.646144665064057 degrees) to be aligned checkpoint : 1
Angle : 0.07620900068725645 ( 4.366454100289385 degrees) to be aligned checkpoint : 1
Angle : -0.41569840914318423 ( -23.817764394206968 degrees) to be aligned checkpoint : 1
Angle : -0.7998088758453349 ( -45.82567300304054 degrees) to be aligned checkpoint : 1
Angle : -0.19595733752194433 ( -11.227528404627975 degrees) to be aligned checkpoint : 1
Angle : 0.6755426152251589 ( 38.705740733631714 degrees) to be aligned checkpoint : 1
Angle : 0.10604637408423033 ( 6.076009667691908 degrees) to be aligned checkpoint : 1
Angle : 0.02699113756541318 ( 1.5464782667551873 degrees) to be aligned checkpoint : 1
Angle : 0.4976863555750157 ( 28.515327695695593 degrees) to be aligned checkpoint : 1
Angle : 0.16194477127598084 ( 9.278751908325145 degrees) to be aligned checkpoint : 1
Angle : 0.8269862989269037 ( 47.382824643655866 degrees) to be aligned checkpoint : 1
Angle : 0.05967029888778996 ( 3.418856288554535 degrees) to be aligned checkpoint : 1
Angle : 0.006310379839721936 ( 0.3615581319405078 degrees) to be aligned checkpoint : 1
Angle : 8.310355819238779E-4 ( 0.04761483146943657 degrees) to be aligned checkpoint : 1
Angle : 1.477770576352455E-4 ( 0.008467001711361085 degrees) to be aligned checkpoint : 1
Angle : 4.054884056348129E-5 ( 0.0023232774284363527 degrees) to be aligned checkpoint : 1
Angle : 0.5789365307429399 ( 33.17061981751629 degrees) to be aligned checkpoint : 1
Angle : 0.13811546383531814 ( 7.913433163255483 degrees) to be aligned checkpoint : 1
Angle : 0.7344625170302543 ( 42.08160243638892 degrees) to be aligned checkpoint : 1
Angle : 0.08125551328031122 ( 4.655597973131044 degrees) to be aligned checkpoint : 1
Angle : 0.012179540280611967 ( 0.6978362544886481 degrees) to be aligned checkpoint : 1
Angle : 0.0025981050206009826 ( 0.1488604524121861 degrees) to be aligned checkpoint : 1
Angle : -0.5765400495386315 ( -33.03331155882699 degrees) to be aligned checkpoint : 1
Angle : -0.06394921274079035 ( -3.664019993231519 degrees) to be aligned checkpoint : 1
Angle : -0.009410026518708925 ( -0.5391548046282042 degrees) to be aligned checkpoint : 1
Angle : -0.001954926392873091 ( -0.11200903157036196 degrees) to be aligned checkpoint : 1
Angle : -6.89990456937295E-4 ( -0.039533541086810176 degrees) to be aligned checkpoint : 1
Angle : 0.6366996037660084 ( 36.4802001134441 degrees) to be aligned checkpoint : 1
