Angle : 0.3559997547691802 ( 20.397283455966328 degrees) to be aligned checkpoint : 0
Angle : 0.3559997547691802 ( 20.397283455966328 degrees) to be aligned checkpoint : 0
Angle : -0.34577772462948764 ( -19.811604270906418 degrees) to be aligned checkpoint : 0
Angle : -0.7217065329420383 ( -41.35073838459812 degrees) to be aligned checkpoint : 0
Angle : -0.6205354326131091 ( -35.55406132705585 degrees) to be aligned checkpoint : 0
Angle : 0.5114784336657813 ( 29.305555561011307 degrees) to be aligned checkpoint : 0
Angle : 0.06580122608968741 ( 3.7701325417252103 degrees) to be aligned checkpoint : 0
Angle : 0.46445223302223937 ( 26.61115273760096 degrees) to be aligned checkpoint : 0
Angle : 0.3028956198205186 ( 17.35464064871484 degrees) to be aligned checkpoint : 0
Angle : -0.8752600278309077 ( -50.14870557121399 degrees) to be aligned checkpoint : 0
Angle : -0.7291503834156994 ( -41.77723960006535 degrees) to be aligned checkpoint : 0
Angle : 1.606190842383518 ( 92.02795636113801 degrees) to be aligned checkpoint : 0
Angle : -0.7418267568532115 ( -42.50354229756654 degrees) to be aligned checkpoint : 0
Angle : -0.028568528909522144 ( -1.636856133413099 degrees) to be aligned checkpoint : 0
Angle : -0.00133058266121108 ( -0.07623677078068036 degrees) to be aligned checkpoint : 0
Angle : -6.82759287249212E-5 ( -0.0039119225582740095 degrees) to be aligned checkpoint : 0
Angle : -3.899663717074273E-6 ( -2.2343427250865456E-4 degrees) to be aligned checkpoint : 0
Angle : -2.5113814888441666E-7 ( -1.4389156005805178E-5 degrees) to be aligned checkpoint : 0
Angle : -1.85372391135058E-8 ( -1.062105565028714E-6 degrees) to be aligned checkpoint : 0
Angle : 0.6824700702874997 ( 39.10265467147038 degrees) to be aligned checkpoint : 0
Angle : -0.2024806450522007 ( -11.601286394577576 degrees) to be aligned checkpoint : 0
Angle : -0.4556965418060621 ( -26.10948858419424 degrees) to be aligned checkpoint : 0
Angle : -0.053362146665812064 ( -3.057425789709129 degrees) to be aligned checkpoint : 0
Angle : -0.008553575656767523 ( -0.4900837848786203 degrees) to be aligned checkpoint : 0
Angle : -0.0020084973351668853 ( -0.11507842046833527 degrees) to be aligned checkpoint : 0
Angle : -8.813372246765858E-4 ( -0.05049690330174156 degrees) to be aligned checkpoint : 0
Angle : 0.7554847623766828 ( 43.28608837062781 degrees) to be aligned checkpoint : 0
Angle : 0.5685980847392457 ( 32.57827049478072 degrees) to be aligned checkpoint : 0
Angle : 2.0176255327717314 ( 115.60142766565437 degrees) to be aligned checkpoint : 0
Angle : -2.8410154574847577 ( -162.7781952453054 degrees) to be aligned checkpoint : 0
Angle : -0.500245433138918 ( -28.661952039553814 degrees) to be aligned checkpoint : 0
Angle : -0.013049078379987256 ( -0.7476571177086793 degrees) to be aligned checkpoint : 0
Angle : -4.183405077717861E-4 ( -0.02396914549468316 degrees) to be aligned checkpoint : 0
Angle : -1.4360799797219492E-5 ( -8.228132188130054E-4 degrees) to be aligned checkpoint : 0
Angle : -5.289797664342899E-7 ( -3.030830806450086E-5 degrees) to be aligned checkpoint : 0
Angle : -0.10445959956596385 ( -5.985094184756334 degrees) to be aligned checkpoint : 0
Angle : -0.04143062134465114 ( -2.373799745653134 degrees) to be aligned checkpoint : 0
Angle : 0.16290142812740527 ( 9.33356430835404 degrees) to be aligned checkpoint : 0
Angle : 0.008711611037997002 ( 0.4991385452368105 degrees) to be aligned checkpoint : 0
Angle : 5.046742747323307E-4 ( 0.028915705970988356 degrees) to be aligned checkpoint : 0
Angle : 3.295790564028511E-5 ( 0.001888348894778748 degrees) to be aligned checkpoint : 0
Angle : 2.4716994807549852E-6 ( 1.416179484719377E-4 degrees) to be aligned checkpoint : 0
Angle : 2.1769413671712812E-7 ( 1.2472955258635372E-5 degrees) to be aligned checkpoint : 0
Angle : 2.3223653222714802E-8 ( 1.330617314536951E-6 degrees) to be aligned checkpoint : 0
Angle : 3.141041760024166E-9 ( 1.7996843612372865E-7 degrees) to be aligned checkpoint : 0
Angle : 5.802327507353766E-10 ( 3.324488775240339E-8 degrees) to be aligned checkpoint : 0
Angle : 3.133782599273643 ( 179.55251684991669 degrees) to be aligned checkpoint : 1
Angle : 0.8490977613475543 ( 48.64971811922126 degrees) to be aligned checkpoint : 1
Angle : 0.19458569261950842 ( 11.148938940727765 degrees) to be aligned checkpoint : 1
Angle : -0.2537077214766139 ( -14.536381670490572 degrees) to be aligned checkpoint : 1
Angle : -0.004663998930487523 ( -0.26722745437046486 degrees) to be aligned checkpoint : 1
Angle : -8.948050418133846E-5 ( -0.005126855238293409 degrees) to be aligned checkpoint : 1
Angle : -1.7845142252781443E-6 ( -1.0224513358949547E-4 degrees) to be aligned checkpoint : 1
Angle : -3.705188067470999E-8 ( -2.1229163856832194E-6 degrees) to be aligned checkpoint : 1
Angle : -8.023022246561595E-10 ( -4.5968531366754757E-8 degrees) to be aligned checkpoint : 1
Angle : -1.816147232602816E-11 ( -1.040575714025056E-9 degrees) to be aligned checkpoint : 1
Angle : -4.289901767151605E-13 ( -2.4579326578350056E-11 degrees) to be aligned checkpoint : 1
Angle : 1.5987211554602254E-14 ( 9.15999748261493E-13 degrees) to be aligned checkpoint : 1
Angle : 2.3092638912203256E-14 ( 1.323110747488823E-12 degrees) to be aligned checkpoint : 1
Angle : -1.2434497875801753E-14 ( -7.124442486478278E-13 degrees) to be aligned checkpoint : 1
Angle : -2.6645352591003757E-15 ( -1.526666247102488E-13 degrees) to be aligned checkpoint : 1
Angle : 7.105427357601002E-15 ( 4.0711099922733015E-13 degrees) to be aligned checkpoint : 1
Angle : 1.9539925233402755E-14 ( 1.119555247875158E-12 degrees) to be aligned checkpoint : 1
Angle : 3.375077994860476E-14 ( 1.933777246329818E-12 degrees) to be aligned checkpoint : 1
Angle : 0.0 ( 0.0 degrees) to be aligned checkpoint : 1
Angle : 9.769962616701378E-15 ( 5.59777623937579E-13 degrees) to be aligned checkpoint : 1
Angle : 2.5757174171303632E-14 ( 1.4757773721990718E-12 degrees) to be aligned checkpoint : 1
Angle : -1.7763568394002505E-15 ( -1.0177774980683254E-13 degrees) to be aligned checkpoint : 1
Angle : 1.5987211554602254E-14 ( 9.15999748261493E-13 degrees) to be aligned checkpoint : 1
Angle : 3.8191672047105385E-14 ( 2.1882216208468997E-12 degrees) to be aligned checkpoint : 1
Angle : 5.329070518200751E-15 ( 3.053332494204976E-13 degrees) to be aligned checkpoint : 1
Angle : -2.1316282072803006E-14 ( -1.2213329976819904E-12 degrees) to be aligned checkpoint : 1
Angle : -5.950795411990839E-14 ( -3.40955461852889E-12 degrees) to be aligned checkpoint : 1
Angle : -8.881784197001252E-15 ( -5.088887490341627E-13 degrees) to be aligned checkpoint : 1
Angle : 4.3520742565306136E-14 ( 2.493554870267397E-12 degrees) to be aligned checkpoint : 1
Angle : 3.9968028886505635E-14 ( 2.289999370653732E-12 degrees) to be aligned checkpoint : 1
Angle : -1.2434497875801753E-13 ( -7.124442486478277E-12 degrees) to be aligned checkpoint : 1
Angle : -0.7406851191896315 ( -42.438131277710234 degrees) to be aligned checkpoint : 1
Angle : -0.09205237696868496 ( -5.27421269445291 degrees) to be aligned checkpoint : 1
Angle : -0.016094004858731914 ( -0.9221185538683794 degrees) to be aligned checkpoint : 1
Angle : -0.00430801233743594 ( -0.24683092502536805 degrees) to be aligned checkpoint : 1
Angle : -0.0024539034763213508 ( -0.14059831252569435 degrees) to be aligned checkpoint : 1
Angle : 0.857426844934654 ( 49.12693945597376 degrees) to be aligned checkpoint : 1
Angle : 0.017677746816732842 ( 1.012860283899618 degrees) to be aligned checkpoint : 1
Angle : 5.78155074268949E-4 ( 0.033125845659683434 degrees) to be aligned checkpoint : 1
Angle : 0.18597768534124448 ( 10.655736453665346 degrees) to be aligned checkpoint : 1
Angle : -0.19278281313446577 ( -11.045641555264101 degrees) to be aligned checkpoint : 1
Angle : -0.007793365168847544 ( -0.4465269323792245 degrees) to be aligned checkpoint : 1
Angle : -3.4362743998883616E-4 ( -0.019688402036245285 degrees) to be aligned checkpoint : 1
Angle : -1.6600856119985963E-5 ( -9.51158991979119E-4 degrees) to be aligned checkpoint : 1
Angle : -8.868366085934554E-7 ( -5.081199479010031E-5 degrees) to be aligned checkpoint : 1
Angle : -5.298031524603175E-8 ( -3.035548460870229E-6 degrees) to be aligned checkpoint : 1
Angle : -3.589730290798343E-9 ( -2.0567639525301475E-7 degrees) to be aligned checkpoint : 1
Angle : -2.808935306575222E-10 ( -1.6094013799204622E-8 degrees) to be aligned checkpoint : 1
Angle : -2.602096316195457E-11 ( -1.4908913680453864E-9 degrees) to be aligned checkpoint : 1
Angle : -2.9487523534044158E-12 ( -1.6895106467934202E-10 degrees) to be aligned checkpoint : 1
Angle : -4.4941828036826337E-13 ( -2.574977070112863E-11 degrees) to be aligned checkpoint : 1
Angle : -1.0302869668521453E-13 ( -5.903109488796287E-12 degrees) to be aligned checkpoint : 1
Angle : -7.283063041541027E-14 ( -4.172887742080134E-12 degrees) to be aligned checkpoint : 1
Angle : 7.105427357601002E-14 ( 4.0711099922733015E-12 degrees) to be aligned checkpoint : 1
