----------------------------------------------------------------
The ship is in Position{x=-3650.58670143416, y=1842.4479166666663, orientation=-2.740166925631097}
We are heading towards the checkpoint : 0
CheckPoint{position=Position{x=-5586.701434159062, y=-195.31249999999972, orientation=0.0}, shape=Circle{radius=200.0, type='circle'}}
The angle is between the ship and the checkpoint is : 0.40954542198797617
----------------------------------------------------------------
The ship is in Position{x=-3650.58670143416, y=1842.4479166666663, orientation=-2.740166925631097}
We are heading towards the checkpoint : 0
CheckPoint{position=Position{x=-5586.701434159062, y=-195.31249999999972, orientation=0.0}, shape=Circle{radius=200.0, type='circle'}}
The angle is between the ship and the checkpoint is : 0.40954542198797617
----------------------------------------------------------------
The ship is in Position{x=-3776.12759458018, y=1764.2751893803288, orientation=-2.426007660272137}
We are heading towards the checkpoint : 0
CheckPoint{position=Position{x=-5586.701434159062, y=-195.31249999999972, orientation=0.0}, shape=Circle{radius=200.0, type='circle'}}
The angle is between the ship and the checkpoint is : 0.10931621291350391
----------------------------------------------------------------
The ship is in Position{x=-3650.58670143416, y=1842.4479166666663, orientation=-2.740166925631097}
We are heading towards the checkpoint : 0
CheckPoint{position=Position{x=-5586.701434159062, y=-195.31249999999972, orientation=0.0}, shape=Circle{radius=200.0, type='circle'}}
The angle is between the ship and the checkpoint is : 0.40954542198797617
----------------------------------------------------------------
The ship is in Position{x=-3776.12759458018, y=1764.2751893803288, orientation=-2.426007660272137}
We are heading towards the checkpoint : 0
CheckPoint{position=Position{x=-5586.701434159062, y=-195.31249999999972, orientation=0.0}, shape=Circle{radius=200.0, type='circle'}}
The angle is between the ship and the checkpoint is : 0.10931621291350391
----------------------------------------------------------------
The ship is in Position{x=-3900.654675316923, y=1656.0254495969057, orientation=-2.426007660272137}
We are heading towards the checkpoint : 0
CheckPoint{position=Position{x=-5586.701434159062, y=-195.31249999999972, orientation=0.0}, shape=Circle{radius=200.0, type='circle'}}
The angle is between the ship and the checkpoint is : 0.11650399596206862
----------------------------------------------------------------
The ship is in Position{x=-3650.58670143416, y=1842.4479166666663, orientation=-2.740166925631097}
We are heading towards the checkpoint : 0
CheckPoint{position=Position{x=-5586.701434159062, y=-195.31249999999972, orientation=0.0}, shape=Circle{radius=200.0, type='circle'}}
The angle is between the ship and the checkpoint is : 0.40954542198797617
----------------------------------------------------------------
The ship is in Position{x=-3776.12759458018, y=1764.2751893803288, orientation=-2.426007660272137}
We are heading towards the checkpoint : 0
CheckPoint{position=Position{x=-5586.701434159062, y=-195.31249999999972, orientation=0.0}, shape=Circle{radius=200.0, type='circle'}}
The angle is between the ship and the checkpoint is : 0.10931621291350391
----------------------------------------------------------------
The ship is in Position{x=-3900.654675316923, y=1656.0254495969057, orientation=-2.426007660272137}
We are heading towards the checkpoint : 0
CheckPoint{position=Position{x=-5586.701434159062, y=-195.31249999999972, orientation=0.0}, shape=Circle{radius=200.0, type='circle'}}
The angle is between the ship and the checkpoint is : 0.11650399596206862
----------------------------------------------------------------
The ship is in Position{x=-4025.1817560536665, y=1547.7757098134825, orientation=-2.426007660272137}
We are heading towards the checkpoint : 0
CheckPoint{position=Position{x=-5586.701434159062, y=-195.31249999999972, orientation=0.0}, shape=Circle{radius=200.0, type='circle'}}
The angle is between the ship and the checkpoint is : 0.12470344683219414
----------------------------------------------------------------
The ship is in Position{x=-3650.58670143416, y=1842.4479166666663, orientation=-2.740166925631097}
We are heading towards the checkpoint : 0
CheckPoint{position=Position{x=-5586.701434159062, y=-195.31249999999972, orientation=0.0}, shape=Circle{radius=200.0, type='circle'}}
The angle is between the ship and the checkpoint is : 0.40954542198797617
----------------------------------------------------------------
The ship is in Position{x=-3776.12759458018, y=1764.2751893803288, orientation=-2.426007660272137}
We are heading towards the checkpoint : 0
CheckPoint{position=Position{x=-5586.701434159062, y=-195.31249999999972, orientation=0.0}, shape=Circle{radius=200.0, type='circle'}}
The angle is between the ship and the checkpoint is : 0.10931621291350391
----------------------------------------------------------------
The ship is in Position{x=-3900.654675316923, y=1656.0254495969057, orientation=-2.426007660272137}
We are heading towards the checkpoint : 0
CheckPoint{position=Position{x=-5586.701434159062, y=-195.31249999999972, orientation=0.0}, shape=Circle{radius=200.0, type='circle'}}
The angle is between the ship and the checkpoint is : 0.11650399596206862
----------------------------------------------------------------
The ship is in Position{x=-4025.1817560536665, y=1547.7757098134825, orientation=-2.426007660272137}
We are heading towards the checkpoint : 0
CheckPoint{position=Position{x=-5586.701434159062, y=-195.31249999999972, orientation=0.0}, shape=Circle{radius=200.0, type='circle'}}
The angle is between the ship and the checkpoint is : 0.12470344683219414
----------------------------------------------------------------
The ship is in Position{x=-4149.70883679043, y=1439.5259700300594, orientation=-2.426007660272137}
We are heading towards the checkpoint : 0
CheckPoint{position=Position{x=-5586.701434159062, y=-195.31249999999972, orientation=0.0}, shape=Circle{radius=200.0, type='circle'}}
The angle is between the ship and the checkpoint is : 0.13413060728672077
----------------------------------------------------------------
The ship is in Position{x=-3650.58670143416, y=1842.4479166666663, orientation=-2.740166925631097}
We are heading towards the checkpoint : 0
CheckPoint{position=Position{x=-5586.701434159062, y=-195.31249999999972, orientation=0.0}, shape=Circle{radius=200.0, type='circle'}}
The angle is between the ship and the checkpoint is : 0.40954542198797617
----------------------------------------------------------------
The ship is in Position{x=-3776.12759458018, y=1764.2751893803288, orientation=-2.426007660272137}
We are heading towards the checkpoint : 0
CheckPoint{position=Position{x=-5586.701434159062, y=-195.31249999999972, orientation=0.0}, shape=Circle{radius=200.0, type='circle'}}
The angle is between the ship and the checkpoint is : 0.10931621291350391
----------------------------------------------------------------
The ship is in Position{x=-3900.654675316923, y=1656.0254495969057, orientation=-2.426007660272137}
We are heading towards the checkpoint : 0
CheckPoint{position=Position{x=-5586.701434159062, y=-195.31249999999972, orientation=0.0}, shape=Circle{radius=200.0, type='circle'}}
The angle is between the ship and the checkpoint is : 0.11650399596206862
----------------------------------------------------------------
The ship is in Position{x=-4025.1817560536665, y=1547.7757098134825, orientation=-2.426007660272137}
We are heading towards the checkpoint : 0
CheckPoint{position=Position{x=-5586.701434159062, y=-195.31249999999972, orientation=0.0}, shape=Circle{radius=200.0, type='circle'}}
The angle is between the ship and the checkpoint is : 0.12470344683219414
----------------------------------------------------------------
The ship is in Position{x=-4149.70883679043, y=1439.5259700300594, orientation=-2.426007660272137}
We are heading towards the checkpoint : 0
CheckPoint{position=Position{x=-5586.701434159062, y=-195.31249999999972, orientation=0.0}, shape=Circle{radius=200.0, type='circle'}}
The angle is between the ship and the checkpoint is : 0.13413060728672077
