Le marin Edward Teach utilise les action [fr.unice.polytech.si3.qgl.flute.game.actions.Moving@2114cf52, fr.unice.polytech.si3.qgl.flute.game.actions.Oar@1b3aab68]
Le marin Luffy Teach utilise les action [fr.unice.polytech.si3.qgl.flute.game.actions.Moving@318fc30a, fr.unice.polytech.si3.qgl.flute.game.actions.Oar@13a39191]
Le marin Tom Teach utilise les action [fr.unice.polytech.si3.qgl.flute.game.actions.Oar@144ab2e8]
Le marin Luffy Teach utilise les action [fr.unice.polytech.si3.qgl.flute.game.actions.Oar@5a653ae2]
Le marin Edward Teach utilise les action [fr.unice.polytech.si3.qgl.flute.game.actions.Oar@15bd3537]
Le marin Edward Pouce utilise les action []
Le marin Edward Teach utilise les action [fr.unice.polytech.si3.qgl.flute.game.actions.Oar@18ffc89d]
Le marin Luffy Teach utilise les action [fr.unice.polytech.si3.qgl.flute.game.actions.Oar@23a0f237]
Le marin Tom Teach utilise les action [fr.unice.polytech.si3.qgl.flute.game.actions.Oar@26145272]
Le marin Luffy Teach utilise les action [fr.unice.polytech.si3.qgl.flute.game.actions.Oar@6526412d]
Le marin Edward Teach utilise les action [fr.unice.polytech.si3.qgl.flute.game.actions.Oar@3fbc634]
Le marin Edward Pouce utilise les action [fr.unice.polytech.si3.qgl.flute.game.actions.Oar@27eead36]
Le marin Edward Teach utilise les action [fr.unice.polytech.si3.qgl.flute.game.actions.Oar@3ea74ec]
Le marin Luffy Teach utilise les action [fr.unice.polytech.si3.qgl.flute.game.actions.Oar@d2d9ae1]
Le marin Tom Teach utilise les action [fr.unice.polytech.si3.qgl.flute.game.actions.Oar@9121f9c]
Le marin Luffy Teach utilise les action [fr.unice.polytech.si3.qgl.flute.game.actions.Oar@4c1090da]
Le marin Edward Teach utilise les action [fr.unice.polytech.si3.qgl.flute.game.actions.Oar@1c8dc0a0]
Le marin Edward Pouce utilise les action []
Le marin Edward Teach utilise les action [fr.unice.polytech.si3.qgl.flute.game.actions.Oar@36dd71a6]
Le marin Luffy Teach utilise les action [fr.unice.polytech.si3.qgl.flute.game.actions.Oar@381a890d]
Le marin Tom Teach utilise les action [fr.unice.polytech.si3.qgl.flute.game.actions.Oar@3c251ad6]
Le marin Luffy Teach utilise les action [fr.unice.polytech.si3.qgl.flute.game.actions.Oar@79278336]
Le marin Edward Teach utilise les action [fr.unice.polytech.si3.qgl.flute.game.actions.Oar@24aa8df5]
Le marin Edward Pouce utilise les action [fr.unice.polytech.si3.qgl.flute.game.actions.Oar@48943a8c]
Le marin Edward Teach utilise les action [fr.unice.polytech.si3.qgl.flute.game.actions.Oar@1e252384]
Le marin Luffy Teach utilise les action [fr.unice.polytech.si3.qgl.flute.game.actions.Oar@10e2de30]
Le marin Tom Teach utilise les action [fr.unice.polytech.si3.qgl.flute.game.actions.Oar@14dd48f4]
Le marin Luffy Teach utilise les action [fr.unice.polytech.si3.qgl.flute.game.actions.Oar@51dfd40b]
Le marin Edward Teach utilise les action []
Le marin Edward Pouce utilise les action [fr.unice.polytech.si3.qgl.flute.game.actions.Oar@66d1f4b7]
Le marin Edward Teach utilise les action [fr.unice.polytech.si3.qgl.flute.game.actions.Oar@4db3984e]
Le marin Luffy Teach utilise les action [fr.unice.polytech.si3.qgl.flute.game.actions.Oar@43747f88]
Le marin Tom Teach utilise les action [fr.unice.polytech.si3.qgl.flute.game.actions.Oar@474bf33e]
Le marin Luffy Teach utilise les action [fr.unice.polytech.si3.qgl.flute.game.actions.Oar@24975b3]
Le marin Edward Teach utilise les action [fr.unice.polytech.si3.qgl.flute.game.actions.Oar@5369ec5c]
Le marin Edward Pouce utilise les action [fr.unice.polytech.si3.qgl.flute.game.actions.Oar@33015186]
Le marin Edward Teach utilise les action [fr.unice.polytech.si3.qgl.flute.game.actions.Oar@2e8f7ea0]
Le marin Luffy Teach utilise les action [fr.unice.polytech.si3.qgl.flute.game.actions.Oar@20488501]
Le marin Tom Teach utilise les action [fr.unice.polytech.si3.qgl.flute.game.actions.Oar@247715d0]
Le marin Luffy Teach utilise les action [fr.unice.polytech.si3.qgl.flute.game.actions.Oar@61758f3a]
Le marin Edward Teach utilise les action [fr.unice.polytech.si3.qgl.flute.game.actions.Oar@345a97ca]
Le marin Edward Pouce utilise les action []
Le marin Edward Teach utilise les action [fr.unice.polytech.si3.qgl.flute.game.actions.Oar@155fc748]
Le marin Luffy Teach utilise les action [fr.unice.polytech.si3.qgl.flute.game.actions.Oar@1b982b93]
Le marin Tom Teach utilise les action [fr.unice.polytech.si3.qgl.flute.game.actions.Oar@1fa7ac38]
Le marin Luffy Teach utilise les action [fr.unice.polytech.si3.qgl.flute.game.actions.Oar@5aa521a8]
Le marin Edward Teach utilise les action [fr.unice.polytech.si3.qgl.flute.game.actions.Oar@31abc833]
Le marin Edward Pouce utilise les action [fr.unice.polytech.si3.qgl.flute.game.actions.Oar@6bb5b926]
Le marin Edward Teach utilise les action [fr.unice.polytech.si3.qgl.flute.game.actions.Oar@850dc14]
Le marin Luffy Teach utilise les action [fr.unice.polytech.si3.qgl.flute.game.actions.Oar@697236e]
Le marin Tom Teach utilise les action [fr.unice.polytech.si3.qgl.flute.game.actions.Oar@2a8b764]
Le marin Luffy Teach utilise les action [fr.unice.polytech.si3.qgl.flute.game.actions.Oar@47aa2955]
Le marin Edward Teach utilise les action []
Le marin Edward Pouce utilise les action [fr.unice.polytech.si3.qgl.flute.game.actions.Oar@4994fdc8]
Le marin Edward Teach utilise les action [fr.unice.polytech.si3.qgl.flute.game.actions.Oar@25a80f40]
Le marin Luffy Teach utilise les action [fr.unice.polytech.si3.qgl.flute.game.actions.Oar@2b6ff585]
Le marin Tom Teach utilise les action [fr.unice.polytech.si3.qgl.flute.game.actions.Oar@2f506430]
Le marin Luffy Teach utilise les action [fr.unice.polytech.si3.qgl.flute.game.actions.Oar@6a52ffbe]
Le marin Edward Teach utilise les action [fr.unice.polytech.si3.qgl.flute.game.actions.Oar@fe53fbb]
Le marin Edward Pouce utilise les action [fr.unice.polytech.si3.qgl.flute.game.actions.Oar@5bf2301f]
Le marin Edward Teach utilise les action [fr.unice.polytech.si3.qgl.flute.game.actions.Oar@53a893c9]
Le marin Luffy Teach utilise les action [fr.unice.polytech.si3.qgl.flute.game.actions.Oar@5d6f67cc]
Le marin Tom Teach utilise les action [fr.unice.polytech.si3.qgl.flute.game.actions.Oar@5950f8b9]
Le marin Luffy Teach utilise les action [fr.unice.polytech.si3.qgl.flute.game.actions.Oar@1c526df7]
Le marin Edward Teach utilise les action [fr.unice.polytech.si3.qgl.flute.game.actions.Oar@b73936f]
Le marin Edward Pouce utilise les action []
Le marin Edward Teach utilise les action [fr.unice.polytech.si3.qgl.flute.game.actions.Oar@4225be1e]
Le marin Luffy Teach utilise les action [fr.unice.polytech.si3.qgl.flute.game.actions.Oar@4ce2582a]
Le marin Tom Teach utilise les action [fr.unice.polytech.si3.qgl.flute.game.actions.Oar@48ddd56e]
Le marin Luffy Teach utilise les action [fr.unice.polytech.si3.qgl.flute.game.actions.Oar@ddf5211]
Le marin Edward Teach utilise les action [fr.unice.polytech.si3.qgl.flute.game.actions.Oar@62e5c8fa]
Le marin Edward Pouce utilise les action [fr.unice.polytech.si3.qgl.flute.game.actions.Oar@3c98ff84]
Le marin Edward Teach utilise les action [fr.unice.polytech.si3.qgl.flute.game.actions.Oar@70d694ea]
Le marin Luffy Teach utilise les action [fr.unice.polytech.si3.qgl.flute.game.actions.Oar@439089c1]
Le marin Tom Teach utilise les action [fr.unice.polytech.si3.qgl.flute.game.actions.Oar@70bfc98f]
Le marin Luffy Teach utilise les action [fr.unice.polytech.si3.qgl.flute.game.actions.Oar@7c300364]
Le marin Edward Teach utilise les action []
Le marin Edward Pouce utilise les action [fr.unice.polytech.si3.qgl.flute.game.actions.Oar@3885b9cc]
Le marin Edward Teach utilise les action [fr.unice.polytech.si3.qgl.flute.game.actions.Oar@4ec91f82]
Le marin Luffy Teach utilise les action [fr.unice.polytech.si3.qgl.flute.game.actions.Oar@400ef82b]
Le marin Tom Teach utilise les action [fr.unice.polytech.si3.qgl.flute.game.actions.Oar@443174f2]
Le marin Luffy Teach utilise les action [fr.unice.polytech.si3.qgl.flute.game.actions.Oar@133f210]
Le marin Edward Teach utilise les action [fr.unice.polytech.si3.qgl.flute.game.actions.Oar@780c8bb]
Le marin Edward Pouce utilise les action [fr.unice.polytech.si3.qgl.flute.game.actions.Oar@3078b7c0]
Le marin Edward Teach utilise les action [fr.unice.polytech.si3.qgl.flute.game.actions.Oar@228bcb6a]
Le marin Luffy Teach utilise les action [fr.unice.polytech.si3.qgl.flute.game.actions.Oar@d4a55cd]
Le marin Tom Teach utilise les action [fr.unice.polytech.si3.qgl.flute.game.actions.Oar@5d39c758]
Le marin Luffy Teach utilise les action [fr.unice.polytech.si3.qgl.flute.game.actions.Oar@4cd44992]
Le marin Edward Teach utilise les action [fr.unice.polytech.si3.qgl.flute.game.actions.Oar@30780bf9]
Le marin Edward Pouce utilise les action []
Le marin Edward Teach utilise les action [fr.unice.polytech.si3.qgl.flute.game.actions.Oar@73b6bc78]
Le marin Luffy Teach utilise les action [fr.unice.polytech.si3.qgl.flute.game.actions.Oar@3a588d36]
Le marin Tom Teach utilise les action [fr.unice.polytech.si3.qgl.flute.game.actions.Oar@62d8d917]
Le marin Luffy Teach utilise les action [fr.unice.polytech.si3.qgl.flute.game.actions.Oar@6d9b0810]
Le marin Edward Teach utilise les action [fr.unice.polytech.si3.qgl.flute.game.actions.Oar@2b082ca7]
Le marin Edward Pouce utilise les action [fr.unice.polytech.si3.qgl.flute.game.actions.Oar@55c735cd]
Le marin Edward Teach utilise les action [fr.unice.polytech.si3.qgl.flute.game.actions.Oar@4ab99ef8]
Le marin Luffy Teach utilise les action [fr.unice.polytech.si3.qgl.flute.game.actions.Oar@447e69df]
Le marin Tom Teach utilise les action [fr.unice.polytech.si3.qgl.flute.game.actions.Oar@4041f588]
Le marin Luffy Teach utilise les action [fr.unice.polytech.si3.qgl.flute.game.actions.Oar@54363e4]
