Angle : 0.4095453387882353 (23.46521943182133 degrees) to be aligned checkpoint : 0
Angle : 0.01269357595927234 (0.7272883293950305 degrees) to be aligned checkpoint : 0
Angle : 4.254992597720886E-4 (0.024379311770881325 degrees) to be aligned checkpoint : 0
Angle : 1.5277376798739084E-5 (8.75329212598834E-4 degrees) to be aligned checkpoint : 0
Angle : 5.905123487970343E-7 (3.383386533642724E-5 degrees) to be aligned checkpoint : 0
Angle : 2.4716733992846684E-8 (1.4161645411376506E-6 degrees) to be aligned checkpoint : 0
Angle : 1.1280683054337715E-9 (6.463355290382977E-8 degrees) to be aligned checkpoint : 0
Angle : 5.659162027882303E-11 (3.2424609977835227E-9 degrees) to be aligned checkpoint : 0
Angle : 3.1681324230703467E-12 (1.8152061678048583E-10 degrees) to be aligned checkpoint : 0
Angle : 2.1405099914773018E-13 (1.2264218851723322E-11 degrees) to be aligned checkpoint : 0
Angle : -5.773159728050814E-15 (-3.3077768687220577E-13 degrees) to be aligned checkpoint : 0
Angle : -1.4210854715202004E-14 (-8.142219984546603E-13 degrees) to be aligned checkpoint : 0
Angle : -2.2648549702353193E-14 (-1.297666310037115E-12 degrees) to be aligned checkpoint : 0
Angle : 1.1102230246251565E-14 (6.361109362927034E-13 degrees) to be aligned checkpoint : 0
Angle : -2.220446049250313E-15 (-1.2722218725854067E-13 degrees) to be aligned checkpoint : 0
Angle : -2.886579864025407E-14 (-1.6538884343610287E-12 degrees) to be aligned checkpoint : 0
Angle : 3.028665012726974 (173.52972278819138 degrees) to be aligned checkpoint : 1
Angle : 0.6935958939151328 (39.740117408940684 degrees) to be aligned checkpoint : 1
Angle : 0.03239848867441297 (1.8562966636462606 degrees) to be aligned checkpoint : 1
Angle : 0.0015859908610673656 (0.09087058268547936 degrees) to be aligned checkpoint : 1
Angle : 8.537392642637975E-5 (0.004891565664691967 degrees) to be aligned checkpoint : 1
Angle : 5.1421638178617E-6 (2.9462428432835356E-4 degrees) to be aligned checkpoint : 1
Angle : 3.51653543173569E-7 (2.0148263874666984E-5 degrees) to be aligned checkpoint : 1
Angle : 2.781490904268935E-8 (1.5936768956863688E-6 degrees) to be aligned checkpoint : 1
Angle : 2.608686600069632E-9 (1.49466732256322E-7 degrees) to be aligned checkpoint : 1
Angle : 3.004599902212135E-10 (1.721508935221752E-8 degrees) to be aligned checkpoint : 1
Angle : 4.4831471868178596E-11 (2.5686541274061136E-9 degrees) to be aligned checkpoint : 1
Angle : 9.495737529618964E-12 (5.440656838111492E-10 degrees) to be aligned checkpoint : 1
Angle : 3.468336728928989E-12 (1.9872105649784054E-10 degrees) to be aligned checkpoint : 1
Angle : 0.11540996524069314 (6.612503922043248 degrees) to be aligned checkpoint : 2
Angle : 0.004883878927542384 (0.27982565020105743 degrees) to be aligned checkpoint : 2
Angle : 2.1968455042442603E-4 (0.01258699756354853 degrees) to be aligned checkpoint : 2
Angle : 1.0834535582704419E-5 (6.207731618732773E-4 degrees) to be aligned checkpoint : 2
Angle : 5.921428574140464E-7 (3.3927286598641746E-5 degrees) to be aligned checkpoint : 2
Angle : 3.628990419279887E-8 (2.079258349181486E-6 degrees) to be aligned checkpoint : 2
Angle : 2.5312379969832932E-9 (1.450292541702909E-7 degrees) to be aligned checkpoint : 2
Angle : 2.0484480778293346E-10 (1.1736742941130686E-8 degrees) to be aligned checkpoint : 2
Angle : 1.9738544132508196E-11 (1.1309352725254344E-9 degrees) to be aligned checkpoint : 2
Angle : 2.351341343853619E-12 (1.3472193519743164E-10 degrees) to be aligned checkpoint : 2
Angle : 3.6337599595981374E-13 (2.0819910944860182E-11 degrees) to be aligned checkpoint : 2
Angle : 8.382183835919932E-14 (4.802637569009911E-12 degrees) to be aligned checkpoint : 2
Angle : -5.88418203051333E-15 (-3.3713879623513276E-13 degrees) to be aligned checkpoint : 2
Angle : 3.107614852570128 (178.05321540443788 degrees) to be aligned checkpoint : 3
Angle : 0.7575743963308206 (43.40581557692714 degrees) to be aligned checkpoint : 3
Angle : 0.018452349691091996 (1.0572417593990997 degrees) to be aligned checkpoint : 3
Angle : 4.969172054236637E-4 (0.02847125863821127 degrees) to be aligned checkpoint : 3
Angle : 1.4136085765059647E-5 (8.099380531728791E-4 degrees) to be aligned checkpoint : 3
Angle : 4.261426962415271E-7 (2.4416177964964954E-5 degrees) to be aligned checkpoint : 3
Angle : 1.3661944464615772E-8 (7.827717577646007E-7 degrees) to be aligned checkpoint : 3
Angle : 4.676694587146812E-10 (2.6795486191518933E-8 degrees) to be aligned checkpoint : 3
Angle : 1.7218226844306628E-11 (9.865317288776277E-10 degrees) to be aligned checkpoint : 3
Angle : 6.696865284538944E-13 (3.8370211677175866E-11 degrees) to be aligned checkpoint : 3
Angle : -1.4210854715202004E-14 (-8.142219984546603E-13 degrees) to be aligned checkpoint : 3
Angle : -7.105427357601002E-15 (-4.0711099922733015E-13 degrees) to be aligned checkpoint : 3
Angle : 8.881784197001252E-16 (5.088887490341627E-14 degrees) to be aligned checkpoint : 3
Angle : 1.0658141036401503E-14 (6.106664988409952E-13 degrees) to be aligned checkpoint : 3
Angle : 2.3092638912203256E-14 (1.323110747488823E-12 degrees) to be aligned checkpoint : 3
Angle : 3.9968028886505635E-14 (2.289999370653732E-12 degrees) to be aligned checkpoint : 3
Angle : 6.128431095930864E-14 (3.5113323683357224E-12 degrees) to be aligned checkpoint : 3
Angle : -1.5987211554602254E-14 (-9.15999748261493E-13 degrees) to be aligned checkpoint : 3
Angle : -1.3322676295501878E-14 (-7.633331235512441E-13 degrees) to be aligned checkpoint : 3
Angle : 1.3322676295501878E-14 (7.633331235512441E-13 degrees) to be aligned checkpoint : 3
Angle : 7.016609515630989E-14 (4.020221117369885E-12 degrees) to be aligned checkpoint : 3
Angle : -1.7933122187401924 (-102.74922148305453 degrees) to be aligned checkpoint : 4
Angle : 0.5506536698041031 (31.550131253165528 degrees) to be aligned checkpoint : 4
Angle : 0.01517188078663434 (0.8692847363497711 degrees) to be aligned checkpoint : 4
Angle : 4.5425636056872776E-4 (0.02602697227756105 degrees) to be aligned checkpoint : 4
Angle : 1.4458227822089498E-5 (8.283954334443523E-4 degrees) to be aligned checkpoint : 4
Angle : 4.911360158565969E-7 (2.814002087545328E-5 degrees) to be aligned checkpoint : 4
Angle : 1.7886712555537088E-8 (1.0248331387959343E-6 degrees) to be aligned checkpoint : 4
Angle : 7.020455328188291E-10 (4.0224246056532033E-8 degrees) to be aligned checkpoint : 4
Angle : 2.986144664873791E-11 (1.7109348631277584E-9 degrees) to be aligned checkpoint : 4
Angle : 1.4059864383852982E-12 (8.055708897210796E-11 degrees) to be aligned checkpoint : 4
Angle : 5.639932965095795E-14 (3.231443556366933E-12 degrees) to be aligned checkpoint : 4
Angle : -7.105427357601002E-15 (-4.0711099922733015E-13 degrees) to be aligned checkpoint : 4
Angle : -3.108624468950438E-14 (-1.7811106216195693E-12 degrees) to be aligned checkpoint : 4
Angle : -1.7763568394002505E-14 (-1.0177774980683254E-12 degrees) to be aligned checkpoint : 4
Angle : -5.950795411990839E-14 (-3.40955461852889E-12 degrees) to be aligned checkpoint : 4
Angle : -3.9968028886505635E-14 (-2.289999370653732E-12 degrees) to be aligned checkpoint : 4
Angle : -3.241851231905457E-14 (-1.8574439339746936E-12 degrees) to be aligned checkpoint : 4
Angle : -9.325873406851315E-15 (-5.343331864858708E-13 degrees) to be aligned checkpoint : 4
Angle : 1.163513729807164E-13 (6.666442612347531E-12 degrees) to be aligned checkpoint : 4
Angle : -3.017580228771063 (-172.89461145070334 degrees) to be aligned checkpoint : 5
Angle : -0.6716322636881018 (-38.481694094145844 degrees) to be aligned checkpoint : 5
Angle : -0.014420977115856548 (-0.8262611251933226 degrees) to be aligned checkpoint : 5
Angle : -3.048888170043007E-4 (-0.01746884243508292 degrees) to be aligned checkpoint : 5
Angle : -6.706628236763379E-6 (-3.842614927298066E-4 degrees) to be aligned checkpoint : 5
Angle : -1.5423372423661874E-7 (-8.836941457342848E-6 degrees) to be aligned checkpoint : 5
Angle : -3.716169927336921E-9 (-2.1292085278984337E-7 degrees) to be aligned checkpoint : 5
Angle : -9.402301159866511E-11 (-5.387121741713098E-9 degrees) to be aligned checkpoint : 5
Angle : -2.5025537198075654E-12 (-1.4338576614973826E-10 degrees) to be aligned checkpoint : 5
Angle : -7.494005416219807E-14 (-4.2937488199757475E-12 degrees) to be aligned checkpoint : 5
Angle : -5.551115123125783E-16 (-3.180554681463517E-14 degrees) to be aligned checkpoint : 5
Angle : -4.218847493575595E-15 (-2.4172215579122726E-13 degrees) to be aligned checkpoint : 5
Angle : -8.326672684688674E-15 (-4.770832022195275E-13 degrees) to be aligned checkpoint : 5
Angle : -1.887379141862766E-15 (-1.0813885916975958E-13 degrees) to be aligned checkpoint : 5
Angle : -3.6637359812630166E-15 (-2.0991660897659211E-13 degrees) to be aligned checkpoint : 5
Angle : -4.107825191113079E-15 (-2.353610464283002E-13 degrees) to be aligned checkpoint : 5
Angle : -4.6629367034256575E-15 (-2.671665932429354E-13 degrees) to be aligned checkpoint : 5
Angle : -5.218048215738236E-15 (-2.9897214005757057E-13 degrees) to be aligned checkpoint : 5
