Le marin Tom Teach utilise les action [fr.unice.polytech.si3.qgl.flute.game.actions.Moving@273c369e]
Le marin Edward Pouce utilise les action [fr.unice.polytech.si3.qgl.flute.game.actions.Moving@3dc94059, fr.unice.polytech.si3.qgl.flute.game.actions.Oar@1f8c0cc7]
Le marin Edward Teach utilise les action []
Le marin Luffy Pouce utilise les action [fr.unice.polytech.si3.qgl.flute.game.actions.Oar@29f0752d]
Le marin Tom Teach utilise les action [fr.unice.polytech.si3.qgl.flute.game.actions.Oar@75ac5fe9]
Le marin Edward Pouce utilise les action [fr.unice.polytech.si3.qgl.flute.game.actions.Oar@7b6bbf2c]
Le marin Edward Teach utilise les action [fr.unice.polytech.si3.qgl.flute.game.actions.Oar@7f543499]
Le marin Luffy Pouce utilise les action [fr.unice.polytech.si3.qgl.flute.game.actions.Oar@3a56b517]
Le marin Tom Teach utilise les action [fr.unice.polytech.si3.qgl.flute.game.actions.Oar@33816a2]
Le marin Edward Pouce utilise les action [fr.unice.polytech.si3.qgl.flute.game.actions.Oar@416395f3]
Le marin Edward Teach utilise les action [fr.unice.polytech.si3.qgl.flute.game.actions.Oar@703ad752]
Le marin Luffy Pouce utilise les action [fr.unice.polytech.si3.qgl.flute.game.actions.Oar@5bf26a12]
Le marin Tom Teach utilise les action [fr.unice.polytech.si3.qgl.flute.game.actions.Oar@625bef96]
Le marin Edward Pouce utilise les action [fr.unice.polytech.si3.qgl.flute.game.actions.Oar@6c9c0dad]
Le marin Edward Teach utilise les action [fr.unice.polytech.si3.qgl.flute.game.actions.Oar@68a384e6]
Le marin Luffy Pouce utilise les action [fr.unice.polytech.si3.qgl.flute.game.actions.Oar@2da10796]
Le marin Tom Teach utilise les action [fr.unice.polytech.si3.qgl.flute.game.actions.Oar@57e1a61]
Le marin Edward Pouce utilise les action [fr.unice.polytech.si3.qgl.flute.game.actions.Oar@bb9e4be]
Le marin Edward Teach utilise les action []
Le marin Luffy Pouce utilise les action [fr.unice.polytech.si3.qgl.flute.game.actions.Oar@f867111]
Le marin Tom Teach utilise les action [fr.unice.polytech.si3.qgl.flute.game.actions.Oar@7fb2ac35]
Le marin Edward Pouce utilise les action [fr.unice.polytech.si3.qgl.flute.game.actions.Oar@71754db3]
Le marin Edward Teach utilise les action [fr.unice.polytech.si3.qgl.flute.game.actions.Oar@754ac745]
Le marin Luffy Pouce utilise les action [fr.unice.polytech.si3.qgl.flute.game.actions.Oar@30484788]
Le marin Tom Teach utilise les action [fr.unice.polytech.si3.qgl.flute.game.actions.Oar@4993e618]
Le marin Edward Pouce utilise les action [fr.unice.polytech.si3.qgl.flute.game.actions.Oar@4754115a]
Le marin Edward Teach utilise les action [fr.unice.polytech.si3.qgl.flute.game.actions.Oar@436b8d68]
Le marin Luffy Pouce utilise les action []
Le marin Tom Teach utilise les action [fr.unice.polytech.si3.qgl.flute.game.actions.Oar@72f6ae9d]
Le marin Edward Pouce utilise les action [fr.unice.polytech.si3.qgl.flute.game.actions.Oar@7c315eb3]
Le marin Edward Teach utilise les action [fr.unice.polytech.si3.qgl.flute.game.actions.Oar@780ec5ed]
Le marin Luffy Pouce utilise les action [fr.unice.polytech.si3.qgl.flute.game.actions.Oar@3d0c5488]
