Le marin Jack Pouce utilise les action [fr.unice.polytech.si3.qgl.flute.game.actions.Moving@1c57415a, fr.unice.polytech.si3.qgl.flute.game.actions.Oar@228817f9]
Le marin Luffy Pouce utilise les action [fr.unice.polytech.si3.qgl.flute.game.actions.Moving@1b196e0b, fr.unice.polytech.si3.qgl.flute.game.actions.Oar@340e52de]
Le marin Tom Teach utilise les action [fr.unice.polytech.si3.qgl.flute.game.actions.Moving@7bc4d59f, fr.unice.polytech.si3.qgl.flute.game.actions.Oar@2edf019a]
Le marin Luffy Pouce utilise les action [fr.unice.polytech.si3.qgl.flute.game.actions.Oar@7ee65b7c]
Le marin Jack Teach utilise les action [fr.unice.polytech.si3.qgl.flute.game.actions.Moving@38386edc, fr.unice.polytech.si3.qgl.flute.game.actions.Oar@650d2c69]
Le marin Edward Pouce utilise les action [fr.unice.polytech.si3.qgl.flute.game.actions.Oar@33082283]
Le marin Tom Teach utilise les action [fr.unice.polytech.si3.qgl.flute.game.actions.Oar@7f79b225]
Le marin Jack Pouce utilise les action [fr.unice.polytech.si3.qgl.flute.game.actions.Moving@489a2d57, fr.unice.polytech.si3.qgl.flute.game.actions.LowerSail@2f5d3971]
Le marin Tom Teach utilise les action [fr.unice.polytech.si3.qgl.flute.game.actions.Oar@54b0bd91]
Le marin Edward Teach utilise les action [fr.unice.polytech.si3.qgl.flute.game.actions.Oar@2c0da2e7]
Le marin Edward Teach utilise les action [fr.unice.polytech.si3.qgl.flute.game.actions.Moving@63620020, fr.unice.polytech.si3.qgl.flute.game.actions.Turn@70801f0a]
Le marin Luffy Teach utilise les action [fr.unice.polytech.si3.qgl.flute.game.actions.Oar@247e18e1]
Le marin Jack Pouce utilise les action [fr.unice.polytech.si3.qgl.flute.game.actions.Moving@67e75a1f, fr.unice.polytech.si3.qgl.flute.game.actions.Oar@6920a893]
Le marin Luffy Pouce utilise les action [fr.unice.polytech.si3.qgl.flute.game.actions.Moving@6d1f316f, fr.unice.polytech.si3.qgl.flute.game.actions.Oar@281da2a8]
Le marin Tom Teach utilise les action [fr.unice.polytech.si3.qgl.flute.game.actions.Oar@75772216]
Le marin Luffy Pouce utilise les action [fr.unice.polytech.si3.qgl.flute.game.actions.Oar@19ff681b]
Le marin Jack Teach utilise les action [fr.unice.polytech.si3.qgl.flute.game.actions.Oar@d7fb602]
Le marin Edward Pouce utilise les action [fr.unice.polytech.si3.qgl.flute.game.actions.Oar@48325de7]
Le marin Tom Teach utilise les action [fr.unice.polytech.si3.qgl.flute.game.actions.Oar@419a165]
Le marin Jack Pouce utilise les action [fr.unice.polytech.si3.qgl.flute.game.actions.LowerSail@6644ae4d]
Le marin Tom Teach utilise les action [fr.unice.polytech.si3.qgl.flute.game.actions.Oar@167bdb21]
Le marin Edward Teach utilise les action [fr.unice.polytech.si3.qgl.flute.game.actions.Oar@4c7c616c]
Le marin Edward Teach utilise les action [fr.unice.polytech.si3.qgl.flute.game.actions.Turn@5a7e30f]
Le marin Luffy Teach utilise les action [fr.unice.polytech.si3.qgl.flute.game.actions.Oar@46521330]
Le marin Jack Pouce utilise les action [fr.unice.polytech.si3.qgl.flute.game.actions.Oar@25b62032]
Le marin Luffy Pouce utilise les action [fr.unice.polytech.si3.qgl.flute.game.actions.Oar@2b71caf4]
Le marin Tom Teach utilise les action [fr.unice.polytech.si3.qgl.flute.game.actions.Oar@2f4e4b42]
Le marin Luffy Pouce utilise les action [fr.unice.polytech.si3.qgl.flute.game.actions.Oar@6a4cc0cf]
Le marin Jack Teach utilise les action [fr.unice.polytech.si3.qgl.flute.game.actions.Oar@7eefca04]
Le marin Edward Pouce utilise les action [fr.unice.polytech.si3.qgl.flute.game.actions.Oar@5b6c8947]
Le marin Tom Teach utilise les action [fr.unice.polytech.si3.qgl.flute.game.actions.Oar@625dd33]
Le marin Jack Pouce utilise les action [fr.unice.polytech.si3.qgl.flute.game.actions.LowerSail@a633f80]
Le marin Tom Teach utilise les action [fr.unice.polytech.si3.qgl.flute.game.actions.Oar@adc7b22]
Le marin Edward Teach utilise les action [fr.unice.polytech.si3.qgl.flute.game.actions.Oar@3545fd8f]
Le marin Edward Teach utilise les action [fr.unice.polytech.si3.qgl.flute.game.actions.Turn@1d217251]
Le marin Luffy Teach utilise les action [fr.unice.polytech.si3.qgl.flute.game.actions.Oar@e2dc14a]
Le marin Jack Pouce utilise les action [fr.unice.polytech.si3.qgl.flute.game.actions.Oar@2a21f757]
Le marin Luffy Pouce utilise les action [fr.unice.polytech.si3.qgl.flute.game.actions.Oar@24e61c63]
Le marin Tom Teach utilise les action [fr.unice.polytech.si3.qgl.flute.game.actions.Oar@20d99c27]
Le marin Luffy Pouce utilise les action [fr.unice.polytech.si3.qgl.flute.game.actions.Oar@65db1658]
Le marin Jack Teach utilise les action [fr.unice.polytech.si3.qgl.flute.game.actions.Oar@40e5cefb]
Le marin Edward Pouce utilise les action [fr.unice.polytech.si3.qgl.flute.game.actions.Oar@54f4d780]
Le marin Tom Teach utilise les action [fr.unice.polytech.si3.qgl.flute.game.actions.Oar@3820519d]
Le marin Jack Pouce utilise les action [fr.unice.polytech.si3.qgl.flute.game.actions.LowerSail@5f4e917]
Le marin Tom Teach utilise les action [fr.unice.polytech.si3.qgl.flute.game.actions.Oar@6b887d44]
Le marin Edward Teach utilise les action [fr.unice.polytech.si3.qgl.flute.game.actions.Oar@19b2ef62]
Le marin Edward Teach utilise les action [fr.unice.polytech.si3.qgl.flute.game.actions.Turn@2324f970]
Le marin Luffy Teach utilise les action [fr.unice.polytech.si3.qgl.flute.game.actions.Oar@1ba1052]
Le marin Jack Pouce utilise les action [fr.unice.polytech.si3.qgl.flute.game.actions.Oar@542a5a63]
Le marin Luffy Pouce utilise les action [fr.unice.polytech.si3.qgl.flute.game.actions.Oar@5aedae96]
Le marin Tom Teach utilise les action [fr.unice.polytech.si3.qgl.flute.game.actions.Oar@5ed23113]
Le marin Luffy Pouce utilise les action [fr.unice.polytech.si3.qgl.flute.game.actions.Oar@1bd0a4ad]
Le marin Jack Teach utilise les action [fr.unice.polytech.si3.qgl.flute.game.actions.Oar@1d2f0cf6]
Le marin Edward Pouce utilise les action [fr.unice.polytech.si3.qgl.flute.game.actions.Oar@2a0198db]
Le marin Tom Teach utilise les action [fr.unice.polytech.si3.qgl.flute.game.actions.Oar@65146e21]
Le marin Jack Pouce utilise les action [fr.unice.polytech.si3.qgl.flute.game.actions.LowerSail@7bff5be2]
Le marin Tom Teach utilise les action [fr.unice.polytech.si3.qgl.flute.game.actions.Oar@1e52a0d7]
Le marin Edward Teach utilise les action [fr.unice.polytech.si3.qgl.flute.game.actions.Oar@38b33486]
Le marin Edward Teach utilise les action [fr.unice.polytech.si3.qgl.flute.game.actions.Turn@7e1020d7]
Le marin Luffy Teach utilise les action [fr.unice.polytech.si3.qgl.flute.game.actions.Oar@7fb144bc]
Le marin Jack Pouce utilise les action [fr.unice.polytech.si3.qgl.flute.game.actions.Oar@6d833797]
Le marin Luffy Pouce utilise les action [fr.unice.polytech.si3.qgl.flute.game.actions.Oar@6344d457]
Le marin Tom Teach utilise les action [fr.unice.polytech.si3.qgl.flute.game.actions.Oar@677b5ce7]
Le marin Luffy Pouce utilise les action [fr.unice.polytech.si3.qgl.flute.game.actions.Oar@2279de6c]
Le marin Jack Teach utilise les action [fr.unice.polytech.si3.qgl.flute.game.actions.Oar@56b26a3b]
Le marin Edward Pouce utilise les action [fr.unice.polytech.si3.qgl.flute.game.actions.Oar@1311fad6]
Le marin Tom Teach utilise les action [fr.unice.polytech.si3.qgl.flute.game.actions.Oar@2e301037]
Le marin Jack Pouce utilise les action [fr.unice.polytech.si3.qgl.flute.game.actions.LowerSail@42562123]
Le marin Tom Teach utilise les action [fr.unice.polytech.si3.qgl.flute.game.actions.Oar@7f068e0]
Le marin Edward Teach utilise les action [fr.unice.polytech.si3.qgl.flute.game.actions.Oar@1b2bf582]
Le marin Edward Teach utilise les action [fr.unice.polytech.si3.qgl.flute.game.actions.Turn@3534ff78]
Le marin Luffy Teach utilise les action [fr.unice.polytech.si3.qgl.flute.game.actions.Oar@46189fc4]
Le marin Jack Pouce utilise les action [fr.unice.polytech.si3.qgl.flute.game.actions.Oar@5776cbad]
Le marin Luffy Pouce utilise les action [fr.unice.polytech.si3.qgl.flute.game.actions.Oar@7ce94156]
Le marin Tom Teach utilise les action [fr.unice.polytech.si3.qgl.flute.game.actions.Oar@39b81f8a]
Le marin Luffy Pouce utilise les action [fr.unice.polytech.si3.qgl.flute.game.actions.Oar@53c918b3]
Le marin Jack Teach utilise les action [fr.unice.polytech.si3.qgl.flute.game.actions.Oar@32839ac4]
Le marin Edward Pouce utilise les action [fr.unice.polytech.si3.qgl.flute.game.actions.Oar@4d68e33]
Le marin Tom Teach utilise les action [fr.unice.polytech.si3.qgl.flute.game.actions.Oar@7deb956c]
Le marin Jack Pouce utilise les action [fr.unice.polytech.si3.qgl.flute.game.actions.LowerSail@66fc06e2]
Le marin Tom Teach utilise les action [fr.unice.polytech.si3.qgl.flute.game.actions.Oar@4887f543]
Le marin Edward Teach utilise les action [fr.unice.polytech.si3.qgl.flute.game.actions.Oar@78105d76]
Le marin Edward Teach utilise les action [fr.unice.polytech.si3.qgl.flute.game.actions.Turn@59f1f7ed]
Le marin Luffy Teach utilise les action [fr.unice.polytech.si3.qgl.flute.game.actions.Oar@5f3c2127]
Le marin Jack Pouce utilise les action [fr.unice.polytech.si3.qgl.flute.game.actions.Oar@712666ef]
Le marin Luffy Pouce utilise les action [fr.unice.polytech.si3.qgl.flute.game.actions.Oar@7fe196bb]
Le marin Tom Teach utilise les action [fr.unice.polytech.si3.qgl.flute.game.actions.Oar@7bde0d9f]
Le marin Luffy Pouce utilise les action [fr.unice.polytech.si3.qgl.flute.game.actions.Oar@3edc9c80]
Le marin Jack Teach utilise les action [fr.unice.polytech.si3.qgl.flute.game.actions.Oar@7c8f84aa]
Le marin Edward Pouce utilise les action [fr.unice.polytech.si3.qgl.flute.game.actions.Oar@f2881ce]
Le marin Tom Teach utilise les action [fr.unice.polytech.si3.qgl.flute.game.actions.Oar@491c741]
Le marin Jack Pouce utilise les action [fr.unice.polytech.si3.qgl.flute.game.actions.LowerSail@5ef363cf]
Le marin Tom Teach utilise les action [fr.unice.polytech.si3.qgl.flute.game.actions.Oar@5ed9166f]
Le marin Edward Teach utilise les action [fr.unice.polytech.si3.qgl.flute.game.actions.Oar@15b4da8b]
Le marin Edward Teach utilise les action [fr.unice.polytech.si3.qgl.flute.game.actions.Turn@1f95acb3]
Le marin Luffy Teach utilise les action [fr.unice.polytech.si3.qgl.flute.game.actions.Oar@5abd5995]
Le marin Jack Pouce utilise les action [fr.unice.polytech.si3.qgl.flute.game.actions.Oar@5357a5ab]
Le marin Luffy Pouce utilise les action [fr.unice.polytech.si3.qgl.flute.game.actions.Oar@5d9041b1]
Le marin Tom Teach utilise les action [fr.unice.polytech.si3.qgl.flute.game.actions.Oar@59afcedb]
Le marin Luffy Pouce utilise les action [fr.unice.polytech.si3.qgl.flute.game.actions.Oar@1cad4b8a]
