Angle : -0.676849411606665 ( -38.78061465097498 degrees) to be aligned checkpoint : 0
Angle : -0.676849411606665 ( -38.78061465097498 degrees) to be aligned checkpoint : 0
Angle : -0.05647568932348346 ( -3.2358186433276455 degrees) to be aligned checkpoint : 0
Angle : -0.005907857477288836 ( -0.3384952994134559 degrees) to be aligned checkpoint : 0
Angle : -7.797353670486729E-4 ( -0.044675545668973075 degrees) to be aligned checkpoint : 0
Angle : -1.3932484342760176E-4 ( -0.007982725509722587 degrees) to be aligned checkpoint : 0
Angle : -3.852658896619232E-5 ( -0.0022074109467981056 degrees) to be aligned checkpoint : 0
Game is null | Error :java.lang.NullPointerException: Cannot invoke "fr.unice.polytech.si3.qgl.les_genies.game.checkpoint.Checkpoint.getPosition()" because "checkpoint" is null
Angle : -0.3161596721684026 ( -18.114614867489184 degrees) to be aligned checkpoint : 1
Angle : 0.7195145305571522 ( 41.22514589926152 degrees) to be aligned checkpoint : 1
Angle : 0.27201427722426885 ( 15.58527005225216 degrees) to be aligned checkpoint : 1
Angle : 0.7298379808310509 ( 41.8166360299691 degrees) to be aligned checkpoint : 1
Angle : 0.05119928582500899 ( 2.9335029918569964 degrees) to be aligned checkpoint : 1
Angle : -0.34176409920505835 ( -19.581640473540215 degrees) to be aligned checkpoint : 1
Angle : 0.1851762309006446 ( 10.609816496746955 degrees) to be aligned checkpoint : 1
Angle : -0.4691196379341802 ( -26.8785753403338 degrees) to be aligned checkpoint : 1
Angle : 1.005565401212464 ( 57.6146535138535 degrees) to be aligned checkpoint : 1
Angle : -1.1832263937766596 ( -67.793878571887 degrees) to be aligned checkpoint : 1
Angle : 0.8022534721351424 ( 45.96573805305985 degrees) to be aligned checkpoint : 1
Angle : -0.4139052809747614 ( -23.715025718030315 degrees) to be aligned checkpoint : 1
Angle : 1.1497026315767884 ( 65.87310848443418 degrees) to be aligned checkpoint : 1
Angle : -2.1817932611335946 ( -125.00754563303927 degrees) to be aligned checkpoint : 1
Angle : 1.4007459981719657 ( 80.25683386509336 degrees) to be aligned checkpoint : 1
Angle : 0.06291411432312888 ( 3.6047132225188467 degrees) to be aligned checkpoint : 1
Angle : 0.396263418878509 ( 22.704221477163234 degrees) to be aligned checkpoint : 1
Angle : -1.708816004938491 ( -97.90794504738197 degrees) to be aligned checkpoint : 1
Angle : 2.232076101171218 ( 127.88854014912653 degrees) to be aligned checkpoint : 1
Angle : -0.24295121591577606 ( -13.920079299545561 degrees) to be aligned checkpoint : 1
Angle : -0.07903961391548942 ( -4.5286362917010345 degrees) to be aligned checkpoint : 1
Angle : -0.742887412791319 ( -42.564313406335586 degrees) to be aligned checkpoint : 1
Angle : 0.23929635732583732 ( 13.710671327624937 degrees) to be aligned checkpoint : 1
Angle : -0.05346382997997745 ( -3.0632518144577086 degrees) to be aligned checkpoint : 1
Angle : -0.023916096318206126 ( -1.370291381461578 degrees) to be aligned checkpoint : 1
Angle : -0.8203397207473024 ( -47.00200376576096 degrees) to be aligned checkpoint : 1
Angle : -0.06141943275919459 ( -3.519074277189399 degrees) to be aligned checkpoint : 1
Angle : -0.008600528355138692 ( -0.4927739763320391 degrees) to be aligned checkpoint : 1
Angle : -0.0016670791177268995 ( -0.09551659756014425 degrees) to be aligned checkpoint : 1
Angle : -5.244342215151576E-4 ( -0.030047867525047445 degrees) to be aligned checkpoint : 1
Angle : -0.49197614535337575 ( -28.188156749863158 degrees) to be aligned checkpoint : 1
Angle : 0.28487512612464627 ( 16.322142415199252 degrees) to be aligned checkpoint : 1
Angle : 0.10762608195592271 ( 6.166520261603476 degrees) to be aligned checkpoint : 1
Angle : -0.3532641033704751 ( -20.240542176601462 degrees) to be aligned checkpoint : 1
Angle : 0.44073757118898715 ( 25.25240270197563 degrees) to be aligned checkpoint : 1
Angle : -0.17264584501785052 ( -9.891878269992546 degrees) to be aligned checkpoint : 1
Angle : 0.18475187982916452 ( 10.585502971319292 degrees) to be aligned checkpoint : 1
Angle : -0.6620045596957826 ( -37.9300672889847 degrees) to be aligned checkpoint : 1
Angle : -0.043107630573365974 ( -2.469885296662983 degrees) to be aligned checkpoint : 1
Angle : -0.0033609800779750287 ( -0.1925699734955195 degrees) to be aligned checkpoint : 1
Angle : -3.099464201676838E-4 ( -0.017758621750796785 degrees) to be aligned checkpoint : 1
Angle : -3.496870455776957E-5 ( -0.002003559186200082 degrees) to be aligned checkpoint : 1
Angle : -5.080194815043626E-6 ( -2.910737220062436E-4 degrees) to be aligned checkpoint : 1
Angle : -1.0361101949740714E-6 ( -5.9364741282491136E-5 degrees) to be aligned checkpoint : 1
Angle : -3.5447492319207186E-7 ( -2.030991704212974E-5 degrees) to be aligned checkpoint : 1
Angle : -0.5246373626732499 ( -30.059506656051532 degrees) to be aligned checkpoint : 1
Angle : 0.45817628336583205 ( 26.251567309852238 degrees) to be aligned checkpoint : 1
Angle : 0.032262089497386626 ( 1.848481566473593 degrees) to be aligned checkpoint : 1
Angle : 0.0026938540936818356 ( 0.15434647019200867 degrees) to be aligned checkpoint : 1
Angle : 2.695212730365881E-4 ( 0.015442431433989613 degrees) to be aligned checkpoint : 1
Angle : 3.362813561480493E-5 ( 0.0019267502436218944 degrees) to be aligned checkpoint : 1
Angle : 5.572593786418167E-6 ( 3.1928610490258787E-4 degrees) to be aligned checkpoint : 1
Angle : 1.3744697540118977E-6 ( 7.87513159732662E-5 degrees) to be aligned checkpoint : 1
Angle : 6.62662944961312E-7 ( 3.7967789985993136E-5 degrees) to be aligned checkpoint : 1
Angle : -0.7381314808366808 ( -42.291818577683415 degrees) to be aligned checkpoint : 1
Angle : 0.6859621804592093 ( 39.30273784590405 degrees) to be aligned checkpoint : 1
Angle : 0.10794722758795938 ( 6.184920550928238 degrees) to be aligned checkpoint : 1
Angle : 0.02602723198006629 ( 1.4912505448657232 degrees) to be aligned checkpoint : 1
Angle : 0.012026644394822483 ( 0.6890759655279964 degrees) to be aligned checkpoint : 1
Angle : 0.680673535565635 ( 38.99972081415883 degrees) to be aligned checkpoint : 1
Angle : 0.4492693531774332 ( 25.741237801639326 degrees) to be aligned checkpoint : 1
Angle : 1.3026637564593857 ( 74.63713536978054 degrees) to be aligned checkpoint : 1
Angle : 0.28202093210975043 ( 16.15860914423422 degrees) to be aligned checkpoint : 1
Angle : -2.5697772604207714 ( -147.23739131080126 degrees) to be aligned checkpoint : 1
Angle : -1.116071538883836 ( -63.94618881271475 degrees) to be aligned checkpoint : 1
Angle : -0.3648003315067392 ( -20.901519360309468 degrees) to be aligned checkpoint : 1
Angle : 0.9983441952994543 ( 57.20090889204313 degrees) to be aligned checkpoint : 1
Angle : 0.2767383146617304 ( 15.855937459680502 degrees) to be aligned checkpoint : 1
Angle : -0.7869405796218691 ( -45.08837393991182 degrees) to be aligned checkpoint : 1
Angle : 0.41604140561069514 ( 23.83741664418324 degrees) to be aligned checkpoint : 1
Angle : 0.13782258755937882 ( 7.896652588724652 degrees) to be aligned checkpoint : 1
Angle : -0.45025036773458105 ( -25.797445795404794 degrees) to be aligned checkpoint : 1
Angle : 0.28606595060046924 ( 16.390371631804786 degrees) to be aligned checkpoint : 1
Angle : 0.14165626298161627 ( 8.11630601044189 degrees) to be aligned checkpoint : 1
Angle : -0.8479998745444508 ( -48.58681383902032 degrees) to be aligned checkpoint : 1
Angle : -0.1503642977355808 ( -8.615239649697301 degrees) to be aligned checkpoint : 1
Angle : -0.07990174040519271 ( -4.5780325009674625 degrees) to be aligned checkpoint : 1
Game is null | Error :java.lang.NullPointerException: Cannot invoke "fr.unice.polytech.si3.qgl.les_genies.game.checkpoint.Checkpoint.getPosition()" because "checkpoint" is null
Angle : 0.27496684135169325 ( 15.754439515495303 degrees) to be aligned checkpoint : 2
Angle : 0.02984635048220685 ( 1.710069916498702 degrees) to be aligned checkpoint : 2
Angle : 0.004159011937572288 ( 0.2382938309674191 degrees) to be aligned checkpoint : 2
Angle : 8.004862352350983E-4 ( 0.04586448283728754 degrees) to be aligned checkpoint : 2
Angle : 2.4895366540178543E-4 ( 0.014263994321834369 degrees) to be aligned checkpoint : 2
Angle : 0.526087234845007 ( 30.14257821232668 degrees) to be aligned checkpoint : 2
Angle : -0.11254399137615678 ( -6.448295715410517 degrees) to be aligned checkpoint : 2
Angle : 0.15195052656605945 ( 8.7061238670257 degrees) to be aligned checkpoint : 2
Angle : -0.437267485003364 ( -25.053581408992773 degrees) to be aligned checkpoint : 2
Angle : -0.9706074774428899 ( -55.61171202131684 degrees) to be aligned checkpoint : 2
Angle : -0.1154760379731675 ( -6.616289610754927 degrees) to be aligned checkpoint : 2
Angle : -0.1154760379731675 ( -6.616289610754927 degrees) to be aligned checkpoint : 2
Angle : -0.35398107876303186 ( -20.281621840609702 degrees) to be aligned checkpoint : 2
Angle : 0.4463748018038518 ( 25.57539222434931 degrees) to be aligned checkpoint : 2
