Ship must be turned by : -0.74347975637695 (-42.598252193813885 degrees) to be aligned with the checkpoint
Best angle : -0,523598775598298 (-30.000000000000004 degrees)
Oar to active : [3, 2]
Entity to activate : [{"x": 1,"y": 0,"type": "oar"}, {"x": 1,"y": 1,"type": "oar"}, {"x": 2,"y": 0,"type": "oar"}, {"x": 2,"y": 1,"type": "oar"}, {"x": 3,"y": 0,"type": "oar"}]
Ship must be turned by : -0.24573010484930324 (-14.07929790717228 degrees) to be aligned with the checkpoint
Oar to active : [3, 3]
Entity to activate : [{"x": 1,"y": 0,"type": "oar"}, {"x": 1,"y": 1,"type": "oar"}, {"x": 2,"y": 0,"type": "oar"}, {"x": 2,"y": 1,"type": "oar"}, {"x": 3,"y": 0,"type": "oar"}, {"x": 3,"y": 1,"type": 
Ship must be turned by : -0.26326643097060853 (-15.084055382088096 degrees) to be aligned with the checkpoint
Best angle : -0,523598775598298 (-30.000000000000004 degrees)
Oar to active : [3, 2]
Entity to activate : [{"x": 1,"y": 0,"type": "oar"}, {"x": 1,"y": 1,"type": "oar"}, {"x": 2,"y": 0,"type": "oar"}, {"x": 2,"y": 1,"type": "oar"}, {"x": 3,"y": 0,"type": "oar"}]
Ship must be turned by : 0.26007443503591643 (14.901167486807319 degrees) to be aligned with the checkpoint
Oar to active : [3, 3]
Entity to activate : [{"x": 1,"y": 0,"type": "oar"}, {"x": 1,"y": 1,"type": "oar"}, {"x": 2,"y": 0,"type": "oar"}, {"x": 2,"y": 1,"type": "oar"}, {"x": 3,"y": 0,"type": "oar"}, {"x": 3,"y": 1,"type": 
Ship must be turned by : 0.2813542103482365 (16.120408801189942 degrees) to be aligned with the checkpoint
Best angle : 0,523598775598299 (29.999999999999993 degrees)
Oar to active : [2, 3]
Entity to activate : [{"x": 1,"y": 0,"type": "oar"}, {"x": 1,"y": 1,"type": "oar"}, {"x": 2,"y": 0,"type": "oar"}, {"x": 2,"y": 1,"type": "oar"}, {"x": 3,"y": 1,"type": "oar"}]
Ship must be turned by : -0.24062264097402253 (-13.786661783103163 degrees) to be aligned with the checkpoint
Oar to active : [3, 3]
Entity to activate : [{"x": 1,"y": 0,"type": "oar"}, {"x": 1,"y": 1,"type": "oar"}, {"x": 2,"y": 0,"type": "oar"}, {"x": 2,"y": 1,"type": "oar"}, {"x": 3,"y": 0,"type": "oar"}, {"x": 3,"y": 1,"type": 
Ship must be turned by : -0.2637766059969262 (-15.113286257909072 degrees) to be aligned with the checkpoint
Best angle : -0,523598775598298 (-30.000000000000004 degrees)
Oar to active : [3, 2]
Entity to activate : [{"x": 1,"y": 0,"type": "oar"}, {"x": 1,"y": 1,"type": "oar"}, {"x": 2,"y": 0,"type": "oar"}, {"x": 2,"y": 1,"type": "oar"}, {"x": 3,"y": 0,"type": "oar"}]
Ship must be turned by : 0.2594223817124722 (14.86380758335649 degrees) to be aligned with the checkpoint
Oar to active : [3, 3]
Entity to activate : [{"x": 1,"y": 0,"type": "oar"}, {"x": 1,"y": 1,"type": "oar"}, {"x": 2,"y": 0,"type": "oar"}, {"x": 2,"y": 1,"type": "oar"}, {"x": 3,"y": 0,"type": "oar"}, {"x": 3,"y": 1,"type": 
Ship must be turned by : 0.2895822641768546 (16.59184155917622 degrees) to be aligned with the checkpoint
Best angle : 0,523598775598299 (29.999999999999993 degrees)
Oar to active : [2, 3]
Entity to activate : [{"x": 1,"y": 0,"type": "oar"}, {"x": 1,"y": 1,"type": "oar"}, {"x": 2,"y": 0,"type": "oar"}, {"x": 2,"y": 1,"type": "oar"}, {"x": 3,"y": 1,"type": "oar"}]
Ship must be turned by : -0.23075724257019337 (-13.221416091348654 degrees) to be aligned with the checkpoint
Oar to active : [3, 3]
Entity to activate : [{"x": 1,"y": 0,"type": "oar"}, {"x": 1,"y": 1,"type": "oar"}, {"x": 2,"y": 0,"type": "oar"}, {"x": 2,"y": 1,"type": "oar"}, {"x": 3,"y": 0,"type": "oar"}, {"x": 3,"y": 1,"type": 
Ship must be turned by : -0.26483080114039415 (-15.173687190412974 degrees) to be aligned with the checkpoint
Best angle : -0,523598775598298 (-30.000000000000004 degrees)
Oar to active : [3, 2]
Entity to activate : [{"x": 1,"y": 0,"type": "oar"}, {"x": 1,"y": 1,"type": "oar"}, {"x": 2,"y": 0,"type": "oar"}, {"x": 2,"y": 1,"type": "oar"}, {"x": 3,"y": 0,"type": "oar"}]
Ship must be turned by : 0.2579777630264358 (14.781037029640869 degrees) to be aligned with the checkpoint
Oar to active : [3, 3]
Entity to activate : [{"x": 1,"y": 0,"type": "oar"}, {"x": 1,"y": 1,"type": "oar"}, {"x": 2,"y": 0,"type": "oar"}, {"x": 2,"y": 1,"type": "oar"}, {"x": 3,"y": 0,"type": "oar"}, {"x": 3,"y": 1,"type": 
Ship must be turned by : 0.30975529205477403 (17.747670916580752 degrees) to be aligned with the checkpoint
Best angle : 0,523598775598299 (29.999999999999993 degrees)
Oar to active : [2, 3]
Entity to activate : [{"x": 1,"y": 0,"type": "oar"}, {"x": 1,"y": 1,"type": "oar"}, {"x": 2,"y": 0,"type": "oar"}, {"x": 2,"y": 1,"type": "oar"}, {"x": 3,"y": 1,"type": "oar"}]
Ship must be turned by : -0.203702627201501 (-11.671300814372806 degrees) to be aligned with the checkpoint
Oar to active : [3, 3]
Entity to activate : [{"x": 1,"y": 0,"type": "oar"}, {"x": 1,"y": 1,"type": "oar"}, {"x": 2,"y": 0,"type": "oar"}, {"x": 2,"y": 1,"type": "oar"}, {"x": 3,"y": 0,"type": "oar"}, {"x": 3,"y": 1,"type": 
Ship must be turned by : -0.268292978998927 (-15.372055369630548 degrees) to be aligned with the checkpoint
Best angle : -0,523598775598298 (-30.000000000000004 degrees)
Oar to active : [3, 2]
Entity to activate : [{"x": 1,"y": 0,"type": "oar"}, {"x": 1,"y": 1,"type": "oar"}, {"x": 2,"y": 0,"type": "oar"}, {"x": 2,"y": 1,"type": "oar"}, {"x": 3,"y": 0,"type": "oar"}]
Ship must be turned by : 0.2520567708552083 (14.441789167699529 degrees) to be aligned with the checkpoint
Oar to active : [3, 3]
Entity to activate : [{"x": 1,"y": 0,"type": "oar"}, {"x": 1,"y": 1,"type": "oar"}, {"x": 2,"y": 0,"type": "oar"}, {"x": 2,"y": 1,"type": "oar"}, {"x": 3,"y": 0,"type": "oar"}, {"x": 3,"y": 1,"type": 
Ship must be turned by : 0.43580349729266143 (24.969701091910498 degrees) to be aligned with the checkpoint
Best angle : 0,523598775598299 (29.999999999999993 degrees)
Oar to active : [2, 3]
Entity to activate : [{"x": 1,"y": 0,"type": "oar"}, {"x": 1,"y": 1,"type": "oar"}, {"x": 2,"y": 0,"type": "oar"}, {"x": 2,"y": 1,"type": "oar"}, {"x": 3,"y": 1,"type": "oar"}]
Ship must be turned by : 2.5936376801800405 (148.60449266041792 degrees) to be aligned with the checkpoint
Oar to active : [0, 3]
Entity to activate : [{"x": 1,"y": 1,"type": "oar"}, {"x": 2,"y": 1,"type": "oar"}, {"x": 3,"y": 1,"type": "oar"}]
Ship must be turned by : 1.0404938780834514 (59.61590782338139 degrees) to be aligned with the checkpoint
Best angle : 1,047197551196598 (59.999999999999986 degrees)
Oar to active : [1, 3]
Entity to activate : [{"x": 1,"y": 0,"type": "oar"}, {"x": 1,"y": 1,"type": "oar"}, {"x": 2,"y": 1,"type": "oar"}, {"x": 3,"y": 1,"type": "oar"}]
Ship must be turned by : 0.006422298009088223 (0.3679705706960264 degrees) to be aligned with the checkpoint
Oar to active : [3, 3]
Entity to activate : [{"x": 1,"y": 0,"type": "oar"}, {"x": 1,"y": 1,"type": "oar"}, {"x": 2,"y": 0,"type": "oar"}, {"x": 2,"y": 1,"type": "oar"}, {"x": 3,"y": 0,"type": "oar"}, {"x": 3,"y": 1,"type": 
Ship must be turned by : 0.0066992441522004675 (0.3838384158487841 degrees) to be aligned with the checkpoint
Oar to active : [3, 3]
Entity to activate : [{"x": 1,"y": 0,"type": "oar"}, {"x": 1,"y": 1,"type": "oar"}, {"x": 2,"y": 0,"type": "oar"}, {"x": 2,"y": 1,"type": "oar"}, {"x": 3,"y": 0,"type": "oar"}, {"x": 3,"y": 1,"type": 
Ship must be turned by : 0.007001151571637276 (0.40113643678619915 degrees) to be aligned with the checkpoint
Oar to active : [3, 3]
Entity to activate : [{"x": 1,"y": 0,"type": "oar"}, {"x": 1,"y": 1,"type": "oar"}, {"x": 2,"y": 0,"type": "oar"}, {"x": 2,"y": 1,"type": "oar"}, {"x": 3,"y": 0,"type": "oar"}, {"x": 3,"y": 1,"type": 
Ship must be turned by : 0.007331554116652761 (0.42006710815596765 degrees) to be aligned with the checkpoint
Oar to active : [3, 3]
Entity to activate : [{"x": 1,"y": 0,"type": "oar"}, {"x": 1,"y": 1,"type": "oar"}, {"x": 2,"y": 0,"type": "oar"}, {"x": 2,"y": 1,"type": "oar"}, {"x": 3,"y": 0,"type": "oar"}, {"x": 3,"y": 1,"type": 
Ship must be turned by : 0.00769468572606824 (0.4408730167832676 degrees) to be aligned with the checkpoint
Oar to active : [3, 3]
Entity to activate : [{"x": 1,"y": 0,"type": "oar"}, {"x": 1,"y": 1,"type": "oar"}, {"x": 2,"y": 0,"type": "oar"}, {"x": 2,"y": 1,"type": "oar"}, {"x": 3,"y": 0,"type": "oar"}, {"x": 3,"y": 1,"type": 
Ship must be turned by : 0.008095662826287597 (0.4638473123072311 degrees) to be aligned with the checkpoint
Oar to active : [3, 3]
Entity to activate : [{"x": 1,"y": 0,"type": "oar"}, {"x": 1,"y": 1,"type": "oar"}, {"x": 2,"y": 0,"type": "oar"}, {"x": 2,"y": 1,"type": "oar"}, {"x": 3,"y": 0,"type": "oar"}, {"x": 3,"y": 1,"type": 
Ship must be turned by : 0.008540726887958261 (0.48934760465391025 degrees) to be aligned with the checkpoint
Oar to active : [3, 3]
Entity to activate : [{"x": 1,"y": 0,"type": "oar"}, {"x": 1,"y": 1,"type": "oar"}, {"x": 2,"y": 0,"type": "oar"}, {"x": 2,"y": 1,"type": "oar"}, {"x": 3,"y": 0,"type": "oar"}, {"x": 3,"y": 1,"type": 
Ship must be turned by : 0.00903757163558927 (0.5178147117664096 degrees) to be aligned with the checkpoint
Oar to active : [3, 3]
Entity to activate : [{"x": 1,"y": 0,"type": "oar"}, {"x": 1,"y": 1,"type": "oar"}, {"x": 2,"y": 0,"type": "oar"}, {"x": 2,"y": 1,"type": "oar"}, {"x": 3,"y": 0,"type": "oar"}, {"x": 3,"y": 1,"type": 
Ship must be turned by : 0.009595791505877305 (0.5497983543742543 degrees) to be aligned with the checkpoint
Oar to active : [3, 3]
Entity to activate : [{"x": 1,"y": 0,"type": "oar"}, {"x": 1,"y": 1,"type": "oar"}, {"x": 2,"y": 0,"type": "oar"}, {"x": 2,"y": 1,"type": "oar"}, {"x": 3,"y": 0,"type": "oar"}, {"x": 3,"y": 1,"type": 
Ship must be turned by : 0.010227507220472276 (0.585992998672637 degrees) to be aligned with the checkpoint
Oar to active : [3, 3]
Entity to activate : [{"x": 1,"y": 0,"type": "oar"}, {"x": 1,"y": 1,"type": "oar"}, {"x": 2,"y": 0,"type": "oar"}, {"x": 2,"y": 1,"type": "oar"}, {"x": 3,"y": 0,"type": "oar"}, {"x": 3,"y": 1,"type": 
Ship must be turned by : 0.010948255827867293 (0.627288851966303 degrees) to be aligned with the checkpoint
Oar to active : [3, 3]
Entity to activate : [{"x": 1,"y": 0,"type": "oar"}, {"x": 1,"y": 1,"type": "oar"}, {"x": 2,"y": 0,"type": "oar"}, {"x": 2,"y": 1,"type": "oar"}, {"x": 3,"y": 0,"type": "oar"}, {"x": 3,"y": 1,"type": 
