Le marin Tom Teach utilise les action [fr.unice.polytech.si3.qgl.flute.game.actions.Oar@3e4ebe4a]
Le marin Jack Pouce utilise les action [fr.unice.polytech.si3.qgl.flute.game.actions.Moving@c96643a, fr.unice.polytech.si3.qgl.flute.game.actions.Turn@32203923]
Le marin Luffy Pouce utilise les action [fr.unice.polytech.si3.qgl.flute.game.actions.Oar@7c60afc4]
Le marin Tom Pouce utilise les action [fr.unice.polytech.si3.qgl.flute.game.actions.Oar@720179b8]
Le marin Tom Pouce utilise les action [fr.unice.polytech.si3.qgl.flute.game.actions.Moving@4d097476, fr.unice.polytech.si3.qgl.flute.game.actions.Oar@7ed3a5d5]
Le marin Tom Pouce utilise les action [fr.unice.polytech.si3.qgl.flute.game.actions.Oar@7342b44]
Le marin Edward Pouce utilise les action [fr.unice.polytech.si3.qgl.flute.game.actions.Oar@7e815ea3]
Le marin Tom Teach utilise les action [fr.unice.polytech.si3.qgl.flute.game.actions.Oar@7b464bb8]
Le marin Jack Pouce utilise les action [fr.unice.polytech.si3.qgl.flute.game.actions.Turn@6a1c9051]
Le marin Luffy Pouce utilise les action [fr.unice.polytech.si3.qgl.flute.game.actions.Oar@f4fc8b6]
Le marin Tom Pouce utilise les action [fr.unice.polytech.si3.qgl.flute.game.actions.Oar@291091ac]
Le marin Tom Pouce utilise les action [fr.unice.polytech.si3.qgl.flute.game.actions.Oar@604204bd]
Le marin Tom Pouce utilise les action [fr.unice.polytech.si3.qgl.flute.game.actions.Oar@6e528efc]
Le marin Edward Pouce utilise les action [fr.unice.polytech.si3.qgl.flute.game.actions.Oar@1fa9e1f8]
Le marin Tom Teach utilise les action [fr.unice.polytech.si3.qgl.flute.game.actions.Oar@3b76492d]
Le marin Jack Pouce utilise les action [fr.unice.polytech.si3.qgl.flute.game.actions.Turn@35b1a033]
Le marin Luffy Pouce utilise les action [fr.unice.polytech.si3.qgl.flute.game.actions.Oar@318e225d]
Le marin Tom Pouce utilise les action [fr.unice.polytech.si3.qgl.flute.game.actions.Oar@748caa08]
Le marin Tom Pouce utilise les action [fr.unice.polytech.si3.qgl.flute.game.actions.Oar@7dbaba95]
Le marin Tom Pouce utilise les action [fr.unice.polytech.si3.qgl.flute.game.actions.Oar@45b23d29]
Le marin Edward Pouce utilise les action [fr.unice.polytech.si3.qgl.flute.game.actions.Oar@56e7308]
Le marin Tom Teach utilise les action [fr.unice.polytech.si3.qgl.flute.game.actions.Oar@52b823f8]
Le marin Jack Pouce utilise les action [fr.unice.polytech.si3.qgl.flute.game.actions.Turn@5c7fc7df]
Le marin Luffy Pouce utilise les action [fr.unice.polytech.si3.qgl.flute.game.actions.Oar@58404888]
Le marin Tom Pouce utilise les action [fr.unice.polytech.si3.qgl.flute.game.actions.Oar@1d42cde4]
Le marin Tom Pouce utilise les action [fr.unice.polytech.si3.qgl.flute.game.actions.Oar@ef68a57]
Le marin Tom Pouce utilise les action [fr.unice.polytech.si3.qgl.flute.game.actions.Oar@2c15f569]
Le marin Edward Pouce utilise les action [fr.unice.polytech.si3.qgl.flute.game.actions.Oar@764bec6b]
Le marin Tom Teach utilise les action [fr.unice.polytech.si3.qgl.flute.game.actions.Oar@3cbcec5d]
Le marin Jack Pouce utilise les action [fr.unice.polytech.si3.qgl.flute.game.actions.Turn@327b05ba]
Le marin Luffy Pouce utilise les action [fr.unice.polytech.si3.qgl.flute.game.actions.Oar@3644872d]
Le marin Tom Pouce utilise les action [fr.unice.polytech.si3.qgl.flute.game.actions.Oar@73460f81]
Le marin Tom Pouce utilise les action [fr.unice.polytech.si3.qgl.flute.game.actions.Oar@28c3dbb0]
Le marin Tom Pouce utilise les action [fr.unice.polytech.si3.qgl.flute.game.actions.Oar@427f5dc7]
Le marin Edward Pouce utilise les action [fr.unice.polytech.si3.qgl.flute.game.actions.Oar@5010d74a]
Le marin Tom Teach utilise les action [fr.unice.polytech.si3.qgl.flute.game.actions.Oar@1230ce38]
Le marin Jack Pouce utilise les action [fr.unice.polytech.si3.qgl.flute.game.actions.Turn@1cf7220e]
Le marin Luffy Pouce utilise les action [fr.unice.polytech.si3.qgl.flute.game.actions.Oar@18c8a548]
Le marin Tom Pouce utilise les action [fr.unice.polytech.si3.qgl.flute.game.actions.Oar@5dca2835]
Le marin Tom Pouce utilise les action [fr.unice.polytech.si3.qgl.flute.game.actions.Oar@499f6cba]
Le marin Tom Pouce utilise les action [fr.unice.polytech.si3.qgl.flute.game.actions.Oar@6cddd0d5]
Le marin Edward Pouce utilise les action [fr.unice.polytech.si3.qgl.flute.game.actions.Oar@3162cae3]
Le marin Tom Teach utilise les action [fr.unice.polytech.si3.qgl.flute.game.actions.Oar@7464b0d7]
Le marin Jack Pouce utilise les action [fr.unice.polytech.si3.qgl.flute.game.actions.Turn@7aa3402b]
Le marin Luffy Pouce utilise les action [fr.unice.polytech.si3.qgl.flute.game.actions.Oar@7e9cdba7]
Le marin Tom Pouce utilise les action [fr.unice.polytech.si3.qgl.flute.game.actions.Oar@3b9e4a10]
Le marin Tom Pouce utilise les action [fr.unice.polytech.si3.qgl.flute.game.actions.Oar@6a2db7bc]
Le marin Tom Pouce utilise les action [fr.unice.polytech.si3.qgl.flute.game.actions.Oar@a6f10ca]
Le marin Edward Pouce utilise les action [fr.unice.polytech.si3.qgl.flute.game.actions.Oar@1236b3c3]
Le marin Tom Teach utilise les action [fr.unice.polytech.si3.qgl.flute.game.actions.Oar@4c782149]
Le marin Jack Pouce utilise les action [fr.unice.polytech.si3.qgl.flute.game.actions.Turn@42bfd6b6]
Le marin Luffy Pouce utilise les action [fr.unice.polytech.si3.qgl.flute.game.actions.Oar@46804a39]
Le marin Tom Pouce utilise les action [fr.unice.polytech.si3.qgl.flute.game.actions.Oar@382dc8d]
Le marin Tom Pouce utilise les action [fr.unice.polytech.si3.qgl.flute.game.actions.Oar@e7dd7dd]
Le marin Tom Pouce utilise les action [fr.unice.polytech.si3.qgl.flute.game.actions.Oar@324bbac2]
Le marin Edward Pouce utilise les action [fr.unice.polytech.si3.qgl.flute.game.actions.Oar@765eef30]
Le marin Tom Teach utilise les action [fr.unice.polytech.si3.qgl.flute.game.actions.Oar@1f9d82]
Le marin Jack Pouce utilise les action [fr.unice.polytech.si3.qgl.flute.game.actions.Turn@ed873f1]
Le marin Luffy Pouce utilise les action [fr.unice.polytech.si3.qgl.flute.game.actions.Oar@ae7f6f2]
Le marin Tom Pouce utilise les action [fr.unice.polytech.si3.qgl.flute.game.actions.Oar@4fe579ca]
Le marin Tom Pouce utilise les action [fr.unice.polytech.si3.qgl.flute.game.actions.Oar@336a0e39]
Le marin Tom Pouce utilise les action [fr.unice.polytech.si3.qgl.flute.game.actions.Oar@7ee0b45e]
Le marin Edward Pouce utilise les action [fr.unice.polytech.si3.qgl.flute.game.actions.Oar@4b859d16]
Le marin Tom Teach utilise les action [fr.unice.polytech.si3.qgl.flute.game.actions.Oar@50a1ebe]
Le marin Jack Pouce utilise les action [fr.unice.polytech.si3.qgl.flute.game.actions.Turn@131641]
Le marin Luffy Pouce utilise les action [fr.unice.polytech.si3.qgl.flute.game.actions.Oar@49e74078]
Le marin Tom Pouce utilise les action [fr.unice.polytech.si3.qgl.flute.game.actions.Oar@2f7d65d]
Le marin Tom Pouce utilise les action [fr.unice.polytech.si3.qgl.flute.game.actions.Oar@57ddd753]
Le marin Tom Pouce utilise les action [fr.unice.polytech.si3.qgl.flute.game.actions.Oar@4fe462f7]
Le marin Edward Pouce utilise les action [fr.unice.polytech.si3.qgl.flute.game.actions.Oar@3c731ff3]
Le marin Tom Teach utilise les action [fr.unice.polytech.si3.qgl.flute.game.actions.Oar@7ca2b979]
Le marin Jack Pouce utilise les action [fr.unice.polytech.si3.qgl.flute.game.actions.Turn@7265589d]
Le marin Luffy Pouce utilise les action [fr.unice.polytech.si3.qgl.flute.game.actions.Oar@765ad209]
Le marin Tom Pouce utilise les action [fr.unice.polytech.si3.qgl.flute.game.actions.Oar@335852a6]
Le marin Tom Pouce utilise les action [fr.unice.polytech.si3.qgl.flute.game.actions.Oar@5ad84cc5]
Le marin Tom Pouce utilise les action [fr.unice.polytech.si3.qgl.flute.game.actions.Oar@22146b3]
Le marin Edward Pouce utilise les action [fr.unice.polytech.si3.qgl.flute.game.actions.Oar@224b0664]
Le marin Tom Teach utilise les action [fr.unice.polytech.si3.qgl.flute.game.actions.Oar@79a6cd27]
Le marin Jack Pouce utilise les action [fr.unice.polytech.si3.qgl.flute.game.actions.Turn@77612c63]
Le marin Luffy Pouce utilise les action [fr.unice.polytech.si3.qgl.flute.game.actions.Oar@735ea657]
Le marin Tom Pouce utilise les action [fr.unice.polytech.si3.qgl.flute.game.actions.Oar@365c2658]
Le marin Tom Pouce utilise les action [fr.unice.polytech.si3.qgl.flute.game.actions.Oar@795c1a41]
Le marin Tom Pouce utilise les action [fr.unice.polytech.si3.qgl.flute.game.actions.Oar@720333d]
Le marin Edward Pouce utilise les action [fr.unice.polytech.si3.qgl.flute.game.actions.Oar@1ca5190]
Le marin Tom Teach utilise les action [fr.unice.polytech.si3.qgl.flute.game.actions.Oar@721943ca]
Le marin Jack Pouce utilise les action [fr.unice.polytech.si3.qgl.flute.game.actions.Turn@7cdea3f9]
Le marin Luffy Pouce utilise les action [fr.unice.polytech.si3.qgl.flute.game.actions.Oar@78e128ba]
Le marin Tom Pouce utilise les action [fr.unice.polytech.si3.qgl.flute.game.actions.Oar@3de3a9c2]
Le marin Tom Pouce utilise les action [fr.unice.polytech.si3.qgl.flute.game.actions.Oar@5dcbaa7]
Le marin Tom Pouce utilise les action [fr.unice.polytech.si3.qgl.flute.game.actions.Oar@c94108e]
Le marin Edward Pouce utilise les action [fr.unice.polytech.si3.qgl.flute.game.actions.Oar@7d415d5e]
Le marin Tom Teach utilise les action [fr.unice.polytech.si3.qgl.flute.game.actions.Oar@5df4e38e]
Le marin Jack Pouce utilise les action [fr.unice.polytech.si3.qgl.flute.game.actions.Turn@53331640]
Le marin Luffy Pouce utilise les action [fr.unice.polytech.si3.qgl.flute.game.actions.Oar@570c88fe]
Le marin Tom Pouce utilise les action [fr.unice.polytech.si3.qgl.flute.game.actions.Oar@120e1c7b]
Le marin Tom Pouce utilise les action [fr.unice.polytech.si3.qgl.flute.game.actions.Oar@681c7527]
Le marin Tom Pouce utilise les action [fr.unice.polytech.si3.qgl.flute.game.actions.Oar@23d6ef72]
Le marin Edward Pouce utilise les action [fr.unice.polytech.si3.qgl.flute.game.actions.Oar@102ed88e]
Le marin Tom Teach utilise les action [fr.unice.polytech.si3.qgl.flute.game.actions.Oar@661f163d]
Le marin Jack Pouce utilise les action [fr.unice.polytech.si3.qgl.flute.game.actions.Turn@5d1e9f77]
