Init game input: {"goal":{"mode":"REGATTA","checkpoints":[{"position":{"x":6388.526727509769,"y":-1126.302083333334,"orientation":0.0},"shape":{"type":"circle","radius":150.0}},{"position":{"x":2783.5
Next round input: {"ship":{"type":"ship","position":{"x":7255.541069100381,"y":-1822.9166666666706,"orientation":-3.141592653589793},"name":"d3","deck":{"width":5,"length":10},"entities":[{"x":1,"y":2
Next round1
Marin{id=17, x=3, y=2, name='Tom Pouce'} move => Marin{id=17, x=8, y=2, name='Tom Pouce'}
Marin{id=12, x=2, y=2, name='Luffy Teach'} move => Marin{id=12, x=3, y=2, name='Luffy Teach'}
Marin{id=17, x=8, y=2, name='Tom Pouce'} move => Marin{id=17, x=9, y=2, name='Tom Pouce'}
Marin{id=21, x=4, y=1, name='Luffy Pouce'} move => Marin{id=21, x=6, y=2, name='Luffy Pouce'}
Marin{id=19, x=3, y=4, name='Edward Pouce'} move => Marin{id=19, x=4, y=4, name='Edward Pouce'}
Marin{id=14, x=2, y=4, name='Edward Teach'} move => Marin{id=14, x=6, y=4, name='Edward Teach'}
Marin{id=20, x=4, y=0, name='Luffy Teach'} move => Marin{id=20, x=6, y=0, name='Luffy Teach'}
Marin{id=18, x=3, y=3, name='Luffy Pouce'} move => Marin{id=18, x=7, y=4, name='Luffy Pouce'}
Marin{id=15, x=3, y=0, name='Edward Pouce'} move => Marin{id=15, x=8, y=0, name='Edward Pouce'}
Marin{id=9, x=1, y=4, name='Edward Teach'} move => Marin{id=9, x=5, y=4, name='Edward Teach'}
Marin{id=13, x=2, y=3, name='Edward Teach'} move => Marin{id=13, x=6, y=4, name='Edward Teach'}
Marin{id=4, x=0, y=4, name='Luffy Teach'} move => Marin{id=4, x=5, y=4, name='Luffy Teach'}
Marin{id=10, x=2, y=0, name='Jack Teach'} move => Marin{id=10, x=5, y=0, name='Jack Teach'}
Marin{id=16, x=3, y=1, name='Luffy Teach'} move => Marin{id=16, x=7, y=0, name='Luffy Teach'}
Marin{id=5, x=1, y=0, name='Jack Pouce'} move => Marin{id=5, x=6, y=0, name='Jack Pouce'}
Next round input: {"ship":{"type":"ship","position":{"x":7255.541069100381,"y":-1822.9166666666706,"orientation":-3.141592653589793},"name":"d3","deck":{"width":5,"length":10},"entities":[{"x":1,"y":2
Next round2
Marin{id=8, x=1, y=3, name='Jack Pouce'} move => Marin{id=8, x=2, y=4, name='Jack Pouce'}
Marin{id=11, x=2, y=1, name='Jack Pouce'} move => Marin{id=11, x=2, y=0, name='Jack Pouce'}
Marin{id=5, x=6, y=0, name='Jack Pouce'} move => Marin{id=5, x=4, y=0, name='Jack Pouce'}
Marin{id=18, x=7, y=4, name='Luffy Pouce'} move => Marin{id=18, x=8, y=4, name='Luffy Pouce'}
Marin{id=3, x=0, y=3, name='Edward Pouce'} move => Marin{id=3, x=1, y=4, name='Edward Pouce'}
Marin{id=4, x=5, y=4, name='Luffy Teach'} move => Marin{id=4, x=3, y=4, name='Luffy Teach'}
Marin{id=13, x=6, y=4, name='Edward Teach'} move => Marin{id=13, x=9, y=4, name='Edward Teach'}
Marin{id=0, x=0, y=0, name='Edward Teach'} move => Marin{id=0, x=1, y=0, name='Edward Teach'}
Marin{id=6, x=1, y=1, name='Luffy Teach'} move => Marin{id=6, x=3, y=0, name='Luffy Teach'}
Marin{id=1, x=0, y=1, name='Edward Teach'} move => Marin{id=1, x=4, y=0, name='Edward Teach'}
Next round input: {"ship":{"type":"ship","position":{"x":7255.541069100381,"y":-1822.9166666666706,"orientation":-3.141592653589793},"name":"d3","deck":{"width":5,"length":10},"entities":[{"x":1,"y":2
Next round3
Marin{id=1, x=4, y=0, name='Edward Teach'} move => Marin{id=1, x=5, y=4, name='Edward Teach'}
Marin{id=7, x=1, y=2, name='Jack Teach'} move => Marin{id=7, x=4, y=0, name='Jack Teach'}
Next round input: {"ship":{"type":"ship","position":{"x":7255.541069100381,"y":-1822.9166666666706,"orientation":-3.141592653589793},"name":"d3","deck":{"width":5,"length":10},"entities":[{"x":1,"y":2
Next round4
Marin{id=2, x=0, y=2, name='Luffy Pouce'} move => Marin{id=2, x=1, y=2, name='Luffy Pouce'}
Marin{id=1, x=5, y=4, name='Edward Teach'} move => Marin{id=1, x=7, y=4, name='Edward Teach'}
Marin{id=7, x=4, y=0, name='Jack Teach'} move => Marin{id=7, x=9, y=0, name='Jack Teach'}
Marin{id=17, x=9, y=2, name='Tom Pouce'} use rudder with rotation of -0.6768494116066655
Marin{id=0, x=1, y=0, name='Edward Teach'} active Oar
Marin{id=5, x=4, y=0, name='Jack Pouce'} active Oar
Marin{id=6, x=3, y=0, name='Luffy Teach'} active Oar
Marin{id=7, x=9, y=0, name='Jack Teach'} active Oar
Marin{id=10, x=5, y=0, name='Jack Teach'} active Oar
Marin{id=11, x=2, y=0, name='Jack Pouce'} active Oar
Marin{id=15, x=8, y=0, name='Edward Pouce'} active Oar
Marin{id=16, x=7, y=0, name='Luffy Teach'} active Oar
Marin{id=20, x=6, y=0, name='Luffy Teach'} active Oar
Marin{id=1, x=7, y=4, name='Edward Teach'} active Oar
Marin{id=3, x=1, y=4, name='Edward Pouce'} active Oar
Marin{id=4, x=3, y=4, name='Luffy Teach'} active Oar
Marin{id=8, x=2, y=4, name='Jack Pouce'} active Oar
Marin{id=9, x=5, y=4, name='Edward Teach'} active Oar
Marin{id=13, x=9, y=4, name='Edward Teach'} active Oar
Marin{id=14, x=6, y=4, name='Edward Teach'} active Oar
Marin{id=18, x=8, y=4, name='Luffy Pouce'} active Oar
Marin{id=19, x=4, y=4, name='Edward Pouce'} active Oar
    - Rotation needed : -0.6768494116066655
    - Marin sur rames : true
    - Marin sur rames à droite : [Marin{id=1, x=7, y=4, name='Edward Teach'}, Marin{id=3, x=1, y=4, name='Edward Pouce'}, Marin{id=4, x=3, y=4, name='Luffy Teach'}, Marin{id=8, x=2, y=4, name='Jack Po
    - Marin sur rames à gauche : [Marin{id=0, x=1, y=0, name='Edward Teach'}, Marin{id=5, x=4, y=0, name='Jack Pouce'}, Marin{id=6, x=3, y=0, name='Luffy Teach'}, Marin{id=7, x=9, y=0, name='Jack Teac
    - Marin sur gouvernail : Marin{id=17, x=9, y=2, name='Tom Pouce'}
    - Marin qu'on va activé à droite : 9
    - Marin qu'on va activé à gauche : 9
    - Rotation du gouvernail : -0.6768494116066655
    - Marin qui doivent être activé à droite : 9.0
    - Marin qui doivent être activé à gauche : 9.0
Next round input: {"ship":{"type":"ship","position":{"x":7102.6727663942975,"y":-1769.6930482118837,"orientation":-3.8184420651964768},"name":"d3","deck":{"width":5,"length":10},"entities":[{"x":1,"y"
Next round5
Marin{id=17, x=9, y=2, name='Tom Pouce'} use rudder with rotation of -0.05647568932324987
Marin{id=0, x=1, y=0, name='Edward Teach'} active Oar
Marin{id=5, x=4, y=0, name='Jack Pouce'} active Oar
Marin{id=6, x=3, y=0, name='Luffy Teach'} active Oar
Marin{id=7, x=9, y=0, name='Jack Teach'} active Oar
Marin{id=10, x=5, y=0, name='Jack Teach'} active Oar
Marin{id=11, x=2, y=0, name='Jack Pouce'} active Oar
Marin{id=15, x=8, y=0, name='Edward Pouce'} active Oar
Marin{id=16, x=7, y=0, name='Luffy Teach'} active Oar
Marin{id=20, x=6, y=0, name='Luffy Teach'} active Oar
Marin{id=1, x=7, y=4, name='Edward Teach'} active Oar
Marin{id=3, x=1, y=4, name='Edward Pouce'} active Oar
Marin{id=4, x=3, y=4, name='Luffy Teach'} active Oar
Marin{id=8, x=2, y=4, name='Jack Pouce'} active Oar
Marin{id=9, x=5, y=4, name='Edward Teach'} active Oar
Marin{id=13, x=9, y=4, name='Edward Teach'} active Oar
Marin{id=14, x=6, y=4, name='Edward Teach'} active Oar
Marin{id=18, x=8, y=4, name='Luffy Pouce'} active Oar
Marin{id=19, x=4, y=4, name='Edward Pouce'} active Oar
    - Rotation needed : -0.05647568932324987
    - Marin sur rames : true
    - Marin sur rames à droite : [Marin{id=1, x=7, y=4, name='Edward Teach'}, Marin{id=3, x=1, y=4, name='Edward Pouce'}, Marin{id=4, x=3, y=4, name='Luffy Teach'}, Marin{id=8, x=2, y=4, name='Jack Po
    - Marin sur rames à gauche : [Marin{id=0, x=1, y=0, name='Edward Teach'}, Marin{id=5, x=4, y=0, name='Jack Pouce'}, Marin{id=6, x=3, y=0, name='Luffy Teach'}, Marin{id=7, x=9, y=0, name='Jack Teac
    - Marin sur gouvernail : Marin{id=17, x=9, y=2, name='Tom Pouce'}
    - Marin qu'on va activé à droite : 9
    - Marin qu'on va activé à gauche : 9
    - Rotation du gouvernail : -0.05647568932324987
    - Marin qui doivent être activé à droite : 9.0
    - Marin qui doivent être activé à gauche : 9.0
Next round input: {"ship":{"type":"ship","position":{"x":6977.002700123345,"y":-1662.8061933131992,"orientation":-3.874917754519709},"name":"d3","deck":{"width":5,"length":10},"entities":[{"x":1,"y":2
